2021-03-25 02:48:00,030 INFO    MainThread:22755 [internal.py:wandb_internal():64] W&B internal server running at pid: 22755
2021-03-25 02:48:00,034 DEBUG   HandlerThread:22755 [handler.py:handle_request():55] handle_request: check_version
2021-03-25 02:48:00,036 INFO    WriterThread:22755 [datastore.py:open_for_write():77] open: /home/gyq/share/gyq/program/SRFBN_CVPR19_fix_2/wandb/run-20210325_024758-3jc5bwcu/run-3jc5bwcu.wandb
2021-03-25 02:48:00,040 DEBUG   SenderThread:22755 [sender.py:send():117] send: header
2021-03-25 02:48:00,041 DEBUG   SenderThread:22755 [sender.py:send():117] send: request
2021-03-25 02:48:00,041 DEBUG   SenderThread:22755 [sender.py:send_request():126] send_request: check_version
2021-03-25 02:48:00,053 DEBUG   Thread-9  :22755 [connectionpool.py:_new_conn():975] Starting new HTTPS connection (1): pypi.org:443
2021-03-25 02:48:05,044 DEBUG   SenderThread:22755 [sender.py:send():117] send: run
2021-03-25 02:48:05,054 DEBUG   SenderThread:22755 [git.py:repo():33] git repository is invalid
2021-03-25 02:48:05,071 DEBUG   SenderThread:22755 [connectionpool.py:_new_conn():975] Starting new HTTPS connection (1): api.wandb.ai:443
2021-03-25 02:48:05,784 DEBUG   SenderThread:22755 [connectionpool.py:_make_request():461] https://api.wandb.ai:443 "POST /graphql HTTP/1.1" 200 None
2021-03-25 02:48:05,800 INFO    SenderThread:22755 [dir_watcher.py:__init__():165] watching files in: /home/gyq/share/gyq/program/SRFBN_CVPR19_fix_2/wandb/run-20210325_024758-3jc5bwcu/files
2021-03-25 02:48:05,801 INFO    SenderThread:22755 [sender.py:_start_run_threads():596] run started: 3jc5bwcu with start time 1616640478
2021-03-25 02:48:05,801 DEBUG   SenderThread:22755 [sender.py:send():117] send: summary
2021-03-25 02:48:05,802 INFO    SenderThread:22755 [sender.py:_save_file():682] saving file wandb-summary.json with policy end
2021-03-25 02:48:05,805 DEBUG   HandlerThread:22755 [handler.py:handle_request():55] handle_request: run_start
2021-03-25 02:48:05,809 DEBUG   HandlerThread:22755 [meta.py:__init__():34] meta init
2021-03-25 02:48:05,809 DEBUG   HandlerThread:22755 [meta.py:__init__():48] meta init done
2021-03-25 02:48:05,809 DEBUG   HandlerThread:22755 [meta.py:probe():190] probe
2021-03-25 02:48:05,817 DEBUG   HandlerThread:22755 [git.py:repo():33] git repository is invalid
2021-03-25 02:48:05,818 DEBUG   HandlerThread:22755 [meta.py:_save_pip():52] save pip
2021-03-25 02:48:05,820 DEBUG   HandlerThread:22755 [meta.py:_save_pip():66] save pip done
2021-03-25 02:48:05,821 DEBUG   HandlerThread:22755 [meta.py:probe():231] probe done
2021-03-25 02:48:06,008 DEBUG   SenderThread:22755 [sender.py:send():117] send: files
2021-03-25 02:48:06,008 INFO    SenderThread:22755 [sender.py:_save_file():682] saving file wandb-metadata.json with policy now
2021-03-25 02:48:06,019 DEBUG   HandlerThread:22755 [handler.py:handle_request():55] handle_request: status
2021-03-25 02:48:06,026 DEBUG   SenderThread:22755 [sender.py:send():117] send: request
2021-03-25 02:48:06,031 DEBUG   Thread-16 :22755 [connectionpool.py:_new_conn():975] Starting new HTTPS connection (1): api.wandb.ai:443
2021-03-25 02:48:06,031 DEBUG   SenderThread:22755 [sender.py:send_request():126] send_request: status
2021-03-25 02:48:06,046 DEBUG   SenderThread:22755 [connectionpool.py:_new_conn():975] Starting new HTTPS connection (1): api.wandb.ai:443
2021-03-25 02:48:06,632 DEBUG   SenderThread:22755 [connectionpool.py:_make_request():461] https://api.wandb.ai:443 "POST /graphql HTTP/1.1" 200 None
2021-03-25 02:48:06,650 DEBUG   Thread-16 :22755 [connectionpool.py:_make_request():461] https://api.wandb.ai:443 "POST /graphql HTTP/1.1" 200 None
2021-03-25 02:48:06,662 DEBUG   Thread-16 :22755 [connectionpool.py:_new_conn():975] Starting new HTTPS connection (1): storage.googleapis.com:443
2021-03-25 02:48:06,813 INFO    Thread-13 :22755 [dir_watcher.py:_on_file_created():213] file/dir created: /home/gyq/share/gyq/program/SRFBN_CVPR19_fix_2/wandb/run-20210325_024758-3jc5bwcu/files/wandb-metadata.json
2021-03-25 02:48:06,813 INFO    Thread-13 :22755 [dir_watcher.py:_on_file_created():213] file/dir created: /home/gyq/share/gyq/program/SRFBN_CVPR19_fix_2/wandb/run-20210325_024758-3jc5bwcu/files/output.log
2021-03-25 02:48:06,814 INFO    Thread-13 :22755 [dir_watcher.py:_on_file_created():213] file/dir created: /home/gyq/share/gyq/program/SRFBN_CVPR19_fix_2/wandb/run-20210325_024758-3jc5bwcu/files/wandb-summary.json
2021-03-25 02:48:06,814 INFO    Thread-13 :22755 [dir_watcher.py:_on_file_created():213] file/dir created: /home/gyq/share/gyq/program/SRFBN_CVPR19_fix_2/wandb/run-20210325_024758-3jc5bwcu/files/requirements.txt
2021-03-25 02:48:07,132 DEBUG   Thread-16 :22755 [connectionpool.py:_make_request():461] https://storage.googleapis.com:443 "PUT /wandb-production.appspot.com/gaoyuqi/SRFBN/3jc5bwcu/wandb-metadata.json?Expires=1616726927&GoogleAccessId=wandb-production%40appspot.gserviceaccount.com&Signature=RvWJ5xv8RfIGTtv3GeUKfF18Hp39RIMiVOmSY%2F1sXqxRhfztyoL6QIkIfQEM14%2B%2BKaUyrLqDu%2BYxj59PolGUPdj6zAhz6AiHdeigWZI%2FB%2FviCeSQJsrrElQzOhgfXCPx1RYsD1hNMaNE5axRH8tuXChtns3REIJP%2FmzmNOk%2BgPu50XUec%2FHZgZ8T%2BIP6ppG9A1KZZQJXZ%2B8QiayEy953dNeKpq0NyeN4nK3DW4oxxwbbv9QJ50JgAg5ZIJ7cOMvZigEE7Mqdtj%2B7GAZhgN%2FcDZ7qqlhZ%2F5trc0XwyCMEEfApAE1cu4i2Ykw1tygnVrWZXNobH57uxirGmos%2Bg%2BjvBw%3D%3D HTTP/1.1" 200 0
2021-03-25 02:48:07,136 INFO    Thread-16 :22755 [upload_job.py:push():133] Uploaded file /tmp/tmpev246dnawandb/11wmufcj-wandb-metadata.json
2021-03-25 02:48:08,397 DEBUG   Thread-10 :22755 [connectionpool.py:_new_conn():975] Starting new HTTPS connection (1): api.wandb.ai:443
2021-03-25 02:48:08,803 INFO    Thread-13 :22755 [dir_watcher.py:_on_file_modified():226] file/dir modified: /home/gyq/share/gyq/program/SRFBN_CVPR19_fix_2/wandb/run-20210325_024758-3jc5bwcu/files/output.log
2021-03-25 02:48:09,041 DEBUG   Thread-10 :22755 [connectionpool.py:_make_request():461] https://api.wandb.ai:443 "POST /files/gaoyuqi/SRFBN/3jc5bwcu/file_stream HTTP/1.1" 200 None
2021-03-25 02:48:09,358 DEBUG   SenderThread:22755 [sender.py:send():117] send: stats
2021-03-25 02:48:11,794 DEBUG   Thread-10 :22755 [connectionpool.py:_make_request():461] https://api.wandb.ai:443 "POST /files/gaoyuqi/SRFBN/3jc5bwcu/file_stream HTTP/1.1" 200 None
2021-03-25 02:48:12,334 DEBUG   Thread-9  :22755 [connectionpool.py:_make_request():461] https://pypi.org:443 "GET /pypi/wandb/json HTTP/1.1" 200 55358
2021-03-25 02:48:13,975 DEBUG   SenderThread:22755 [sender.py:send():117] send: stats
2021-03-25 02:48:14,244 DEBUG   Thread-10 :22755 [connectionpool.py:_make_request():461] https://api.wandb.ai:443 "POST /files/gaoyuqi/SRFBN/3jc5bwcu/file_stream HTTP/1.1" 200 None
2021-03-25 02:48:18,533 DEBUG   SenderThread:22755 [sender.py:send():117] send: stats
2021-03-25 02:48:18,812 DEBUG   Thread-10 :22755 [connectionpool.py:_make_request():461] https://api.wandb.ai:443 "POST /files/gaoyuqi/SRFBN/3jc5bwcu/file_stream HTTP/1.1" 200 None
2021-03-25 02:48:21,641 DEBUG   HandlerThread:22755 [handler.py:handle_request():55] handle_request: status
2021-03-25 02:48:21,642 DEBUG   SenderThread:22755 [sender.py:send():117] send: request
2021-03-25 02:48:21,642 DEBUG   SenderThread:22755 [sender.py:send_request():126] send_request: status
2021-03-25 02:48:21,660 DEBUG   SenderThread:22755 [connectionpool.py:_new_conn():975] Starting new HTTPS connection (1): api.wandb.ai:443
2021-03-25 02:48:22,238 DEBUG   SenderThread:22755 [connectionpool.py:_make_request():461] https://api.wandb.ai:443 "POST /graphql HTTP/1.1" 200 None
2021-03-25 02:48:23,069 DEBUG   SenderThread:22755 [sender.py:send():117] send: stats
2021-03-25 02:48:23,340 DEBUG   Thread-10 :22755 [connectionpool.py:_make_request():461] https://api.wandb.ai:443 "POST /files/gaoyuqi/SRFBN/3jc5bwcu/file_stream HTTP/1.1" 200 None
2021-03-25 02:48:27,609 DEBUG   SenderThread:22755 [sender.py:send():117] send: stats
2021-03-25 02:48:27,917 DEBUG   Thread-10 :22755 [connectionpool.py:_make_request():461] https://api.wandb.ai:443 "POST /files/gaoyuqi/SRFBN/3jc5bwcu/file_stream HTTP/1.1" 200 None
2021-03-25 02:48:32,144 DEBUG   SenderThread:22755 [sender.py:send():117] send: stats
2021-03-25 02:48:32,413 DEBUG   Thread-10 :22755 [connectionpool.py:_make_request():461] https://api.wandb.ai:443 "POST /files/gaoyuqi/SRFBN/3jc5bwcu/file_stream HTTP/1.1" 200 None
2021-03-25 02:48:36,697 DEBUG   SenderThread:22755 [sender.py:send():117] send: stats
2021-03-25 02:48:36,987 DEBUG   Thread-10 :22755 [connectionpool.py:_make_request():461] https://api.wandb.ai:443 "POST /files/gaoyuqi/SRFBN/3jc5bwcu/file_stream HTTP/1.1" 200 None
2021-03-25 02:48:37,246 DEBUG   HandlerThread:22755 [handler.py:handle_request():55] handle_request: status
2021-03-25 02:48:37,247 DEBUG   SenderThread:22755 [sender.py:send():117] send: request
2021-03-25 02:48:37,247 DEBUG   SenderThread:22755 [sender.py:send_request():126] send_request: status
2021-03-25 02:48:37,261 DEBUG   SenderThread:22755 [connectionpool.py:_new_conn():975] Starting new HTTPS connection (1): api.wandb.ai:443
2021-03-25 02:48:37,849 DEBUG   SenderThread:22755 [connectionpool.py:_make_request():461] https://api.wandb.ai:443 "POST /graphql HTTP/1.1" 200 None
2021-03-25 02:48:41,252 DEBUG   SenderThread:22755 [sender.py:send():117] send: stats
2021-03-25 02:48:41,584 DEBUG   Thread-10 :22755 [connectionpool.py:_make_request():461] https://api.wandb.ai:443 "POST /files/gaoyuqi/SRFBN/3jc5bwcu/file_stream HTTP/1.1" 200 None
2021-03-25 02:48:45,794 DEBUG   SenderThread:22755 [sender.py:send():117] send: stats
2021-03-25 02:48:46,070 DEBUG   Thread-10 :22755 [connectionpool.py:_make_request():461] https://api.wandb.ai:443 "POST /files/gaoyuqi/SRFBN/3jc5bwcu/file_stream HTTP/1.1" 200 None
2021-03-25 02:48:49,850 INFO    Thread-13 :22755 [dir_watcher.py:_on_file_modified():226] file/dir modified: /home/gyq/share/gyq/program/SRFBN_CVPR19_fix_2/wandb/run-20210325_024758-3jc5bwcu/files/output.log
2021-03-25 02:48:50,014 DEBUG   Thread-10 :22755 [connectionpool.py:_make_request():461] https://api.wandb.ai:443 "POST /files/gaoyuqi/SRFBN/3jc5bwcu/file_stream HTTP/1.1" 200 None
2021-03-25 02:48:50,337 DEBUG   SenderThread:22755 [sender.py:send():117] send: stats
2021-03-25 02:48:52,617 DEBUG   Thread-10 :22755 [connectionpool.py:_make_request():461] https://api.wandb.ai:443 "POST /files/gaoyuqi/SRFBN/3jc5bwcu/file_stream HTTP/1.1" 200 None
2021-03-25 02:48:52,857 DEBUG   HandlerThread:22755 [handler.py:handle_request():55] handle_request: status
2021-03-25 02:48:52,858 DEBUG   SenderThread:22755 [sender.py:send():117] send: request
2021-03-25 02:48:52,859 DEBUG   SenderThread:22755 [sender.py:send_request():126] send_request: status
2021-03-25 02:48:52,873 DEBUG   SenderThread:22755 [connectionpool.py:_new_conn():975] Starting new HTTPS connection (1): api.wandb.ai:443
2021-03-25 02:48:53,455 DEBUG   SenderThread:22755 [connectionpool.py:_make_request():461] https://api.wandb.ai:443 "POST /graphql HTTP/1.1" 200 None
2021-03-25 02:48:54,891 DEBUG   SenderThread:22755 [sender.py:send():117] send: stats
2021-03-25 02:48:55,163 DEBUG   Thread-10 :22755 [connectionpool.py:_make_request():461] https://api.wandb.ai:443 "POST /files/gaoyuqi/SRFBN/3jc5bwcu/file_stream HTTP/1.1" 200 None
2021-03-25 02:48:59,428 DEBUG   SenderThread:22755 [sender.py:send():117] send: stats
2021-03-25 02:49:03,968 DEBUG   SenderThread:22755 [sender.py:send():117] send: stats
2021-03-25 02:49:08,463 DEBUG   HandlerThread:22755 [handler.py:handle_request():55] handle_request: status
2021-03-25 02:49:08,464 DEBUG   SenderThread:22755 [sender.py:send():117] send: request
2021-03-25 02:49:08,464 DEBUG   SenderThread:22755 [sender.py:send_request():126] send_request: status
2021-03-25 02:49:08,481 DEBUG   SenderThread:22755 [connectionpool.py:_new_conn():975] Starting new HTTPS connection (1): api.wandb.ai:443
2021-03-25 02:49:09,063 DEBUG   SenderThread:22755 [connectionpool.py:_make_request():461] https://api.wandb.ai:443 "POST /graphql HTTP/1.1" 200 None
2021-03-25 02:49:09,068 DEBUG   SenderThread:22755 [sender.py:send():117] send: stats
2021-03-25 02:49:09,334 DEBUG   Thread-10 :22755 [connectionpool.py:_make_request():461] https://api.wandb.ai:443 "POST /files/gaoyuqi/SRFBN/3jc5bwcu/file_stream HTTP/1.1" 200 None
2021-03-25 02:49:13,063 DEBUG   SenderThread:22755 [sender.py:send():117] send: stats
2021-03-25 02:49:13,488 WARNING MainThread:22755 [internal.py:wandb_internal():118] Internal process interrupt: 1
2021-03-25 02:49:13,832 DEBUG   HandlerThread:22755 [handler.py:handle_request():55] handle_request: poll_exit
2021-03-25 02:49:13,833 DEBUG   SenderThread:22755 [sender.py:send():117] send: telemetry
2021-03-25 02:49:13,855 DEBUG   SenderThread:22755 [connectionpool.py:_new_conn():975] Starting new HTTPS connection (1): api.wandb.ai:443
2021-03-25 02:49:13,876 INFO    Thread-13 :22755 [dir_watcher.py:_on_file_modified():226] file/dir modified: /home/gyq/share/gyq/program/SRFBN_CVPR19_fix_2/wandb/run-20210325_024758-3jc5bwcu/files/output.log
2021-03-25 02:49:14,454 DEBUG   SenderThread:22755 [connectionpool.py:_make_request():461] https://api.wandb.ai:443 "POST /graphql HTTP/1.1" 200 None
2021-03-25 02:49:14,464 DEBUG   SenderThread:22755 [sender.py:send():117] send: exit
2021-03-25 02:49:14,465 INFO    SenderThread:22755 [sender.py:send_exit():195] handling exit code: 255
2021-03-25 02:49:14,465 INFO    SenderThread:22755 [sender.py:send_exit():203] send defer
2021-03-25 02:49:14,465 DEBUG   SenderThread:22755 [sender.py:send():117] send: request
2021-03-25 02:49:14,466 DEBUG   SenderThread:22755 [sender.py:send_request():126] send_request: poll_exit
2021-03-25 02:49:14,467 DEBUG   HandlerThread:22755 [handler.py:handle_request():55] handle_request: defer
2021-03-25 02:49:14,467 INFO    HandlerThread:22755 [handler.py:handle_request_defer():69] handle defer: 0
2021-03-25 02:49:14,468 DEBUG   SenderThread:22755 [sender.py:send():117] send: request
2021-03-25 02:49:14,468 DEBUG   SenderThread:22755 [sender.py:send_request():126] send_request: defer
2021-03-25 02:49:14,468 INFO    SenderThread:22755 [sender.py:send_request_defer():212] handle sender defer: 0
2021-03-25 02:49:14,468 INFO    SenderThread:22755 [sender.py:send_request_defer():248] send defer: 1
2021-03-25 02:49:14,469 DEBUG   HandlerThread:22755 [handler.py:handle_request():55] handle_request: defer
2021-03-25 02:49:14,470 INFO    HandlerThread:22755 [handler.py:handle_request_defer():69] handle defer: 1
2021-03-25 02:49:14,516 DEBUG   SenderThread:22755 [sender.py:send():117] send: request
2021-03-25 02:49:14,516 DEBUG   SenderThread:22755 [sender.py:send_request():126] send_request: defer
2021-03-25 02:49:14,516 INFO    SenderThread:22755 [sender.py:send_request_defer():212] handle sender defer: 1
2021-03-25 02:49:14,517 INFO    SenderThread:22755 [sender.py:send_request_defer():248] send defer: 2
2021-03-25 02:49:14,518 DEBUG   SenderThread:22755 [sender.py:send():117] send: stats
2021-03-25 02:49:14,520 DEBUG   HandlerThread:22755 [handler.py:handle_request():55] handle_request: defer
2021-03-25 02:49:14,520 INFO    HandlerThread:22755 [handler.py:handle_request_defer():69] handle defer: 2
2021-03-25 02:49:14,522 DEBUG   SenderThread:22755 [sender.py:send():117] send: request
2021-03-25 02:49:14,522 DEBUG   SenderThread:22755 [sender.py:send_request():126] send_request: defer
2021-03-25 02:49:14,522 INFO    SenderThread:22755 [sender.py:send_request_defer():212] handle sender defer: 2
2021-03-25 02:49:14,523 INFO    SenderThread:22755 [sender.py:send_request_defer():248] send defer: 3
2021-03-25 02:49:14,524 DEBUG   HandlerThread:22755 [handler.py:handle_request():55] handle_request: defer
2021-03-25 02:49:14,524 INFO    HandlerThread:22755 [handler.py:handle_request_defer():69] handle defer: 3
2021-03-25 02:49:14,525 DEBUG   SenderThread:22755 [sender.py:send():117] send: summary
2021-03-25 02:49:14,526 INFO    SenderThread:22755 [sender.py:_save_file():682] saving file wandb-summary.json with policy end
2021-03-25 02:49:14,527 DEBUG   SenderThread:22755 [sender.py:send():117] send: request
2021-03-25 02:49:14,528 DEBUG   SenderThread:22755 [sender.py:send_request():126] send_request: defer
2021-03-25 02:49:14,528 INFO    SenderThread:22755 [sender.py:send_request_defer():212] handle sender defer: 3
2021-03-25 02:49:14,528 INFO    SenderThread:22755 [sender.py:send_request_defer():248] send defer: 4
2021-03-25 02:49:14,529 DEBUG   HandlerThread:22755 [handler.py:handle_request():55] handle_request: defer
2021-03-25 02:49:14,529 INFO    HandlerThread:22755 [handler.py:handle_request_defer():69] handle defer: 4
2021-03-25 02:49:14,530 DEBUG   SenderThread:22755 [sender.py:send():117] send: request
2021-03-25 02:49:14,530 DEBUG   SenderThread:22755 [sender.py:send_request():126] send_request: defer
2021-03-25 02:49:14,530 INFO    SenderThread:22755 [sender.py:send_request_defer():212] handle sender defer: 4
2021-03-25 02:49:14,530 INFO    SenderThread:22755 [dir_watcher.py:finish():279] shutting down directory watcher
2021-03-25 02:49:14,877 INFO    Thread-13 :22755 [dir_watcher.py:_on_file_modified():226] file/dir modified: /home/gyq/share/gyq/program/SRFBN_CVPR19_fix_2/wandb/run-20210325_024758-3jc5bwcu/files/config.yaml
2021-03-25 02:49:14,880 INFO    SenderThread:22755 [dir_watcher.py:_on_file_modified():226] file/dir modified: /home/gyq/share/gyq/program/SRFBN_CVPR19_fix_2/wandb/run-20210325_024758-3jc5bwcu/files/wandb-summary.json
2021-03-25 02:49:14,881 INFO    SenderThread:22755 [dir_watcher.py:finish():309] scan: /home/gyq/share/gyq/program/SRFBN_CVPR19_fix_2/wandb/run-20210325_024758-3jc5bwcu/files
2021-03-25 02:49:14,882 INFO    SenderThread:22755 [dir_watcher.py:finish():315] scan save: /home/gyq/share/gyq/program/SRFBN_CVPR19_fix_2/wandb/run-20210325_024758-3jc5bwcu/files/config.yaml config.yaml
2021-03-25 02:49:14,882 INFO    SenderThread:22755 [dir_watcher.py:finish():315] scan save: /home/gyq/share/gyq/program/SRFBN_CVPR19_fix_2/wandb/run-20210325_024758-3jc5bwcu/files/wandb-metadata.json wandb-metadata.json
2021-03-25 02:49:14,883 INFO    SenderThread:22755 [dir_watcher.py:finish():315] scan save: /home/gyq/share/gyq/program/SRFBN_CVPR19_fix_2/wandb/run-20210325_024758-3jc5bwcu/files/requirements.txt requirements.txt
2021-03-25 02:49:14,896 INFO    SenderThread:22755 [dir_watcher.py:finish():315] scan save: /home/gyq/share/gyq/program/SRFBN_CVPR19_fix_2/wandb/run-20210325_024758-3jc5bwcu/files/output.log output.log
2021-03-25 02:49:14,904 DEBUG   Thread-21 :22755 [connectionpool.py:_new_conn():975] Starting new HTTPS connection (1): api.wandb.ai:443
2021-03-25 02:49:14,911 INFO    SenderThread:22755 [dir_watcher.py:finish():315] scan save: /home/gyq/share/gyq/program/SRFBN_CVPR19_fix_2/wandb/run-20210325_024758-3jc5bwcu/files/wandb-summary.json wandb-summary.json
2021-03-25 02:49:14,919 DEBUG   Thread-22 :22755 [connectionpool.py:_new_conn():975] Starting new HTTPS connection (1): api.wandb.ai:443
2021-03-25 02:49:14,920 INFO    SenderThread:22755 [sender.py:send_request_defer():248] send defer: 5
2021-03-25 02:49:14,922 DEBUG   HandlerThread:22755 [handler.py:handle_request():55] handle_request: defer
2021-03-25 02:49:14,922 INFO    HandlerThread:22755 [handler.py:handle_request_defer():69] handle defer: 5
2021-03-25 02:49:14,923 DEBUG   SenderThread:22755 [sender.py:send():117] send: request
2021-03-25 02:49:14,924 DEBUG   SenderThread:22755 [sender.py:send_request():126] send_request: defer
2021-03-25 02:49:14,924 INFO    SenderThread:22755 [sender.py:send_request_defer():212] handle sender defer: 5
2021-03-25 02:49:14,924 INFO    SenderThread:22755 [file_pusher.py:finish():174] shutting down file pusher
2021-03-25 02:49:14,925 INFO    SenderThread:22755 [sender.py:send_request_defer():248] send defer: 6
2021-03-25 02:49:14,951 DEBUG   HandlerThread:22755 [handler.py:handle_request():55] handle_request: defer
2021-03-25 02:49:14,952 INFO    HandlerThread:22755 [handler.py:handle_request_defer():69] handle defer: 6
2021-03-25 02:49:14,958 DEBUG   SenderThread:22755 [sender.py:send():117] send: request
2021-03-25 02:49:14,958 DEBUG   SenderThread:22755 [sender.py:send_request():126] send_request: defer
2021-03-25 02:49:14,958 INFO    SenderThread:22755 [sender.py:send_request_defer():212] handle sender defer: 6
2021-03-25 02:49:14,965 DEBUG   Thread-24 :22755 [connectionpool.py:_new_conn():975] Starting new HTTPS connection (1): api.wandb.ai:443
2021-03-25 02:49:14,966 DEBUG   Thread-23 :22755 [connectionpool.py:_new_conn():975] Starting new HTTPS connection (1): api.wandb.ai:443
2021-03-25 02:49:15,230 DEBUG   Thread-10 :22755 [connectionpool.py:_make_request():461] https://api.wandb.ai:443 "POST /files/gaoyuqi/SRFBN/3jc5bwcu/file_stream HTTP/1.1" 200 None
2021-03-25 02:49:15,486 DEBUG   Thread-10 :22755 [connectionpool.py:_make_request():461] https://api.wandb.ai:443 "POST /files/gaoyuqi/SRFBN/3jc5bwcu/file_stream HTTP/1.1" 200 None
2021-03-25 02:49:15,491 INFO    SenderThread:22755 [sender.py:send_request_defer():248] send defer: 7
2021-03-25 02:49:15,493 DEBUG   HandlerThread:22755 [handler.py:handle_request():55] handle_request: defer
2021-03-25 02:49:15,493 INFO    HandlerThread:22755 [handler.py:handle_request_defer():69] handle defer: 7
2021-03-25 02:49:15,494 DEBUG   SenderThread:22755 [sender.py:send():117] send: request
2021-03-25 02:49:15,494 DEBUG   SenderThread:22755 [sender.py:send_request():126] send_request: defer
2021-03-25 02:49:15,494 INFO    SenderThread:22755 [sender.py:send_request_defer():212] handle sender defer: 7
2021-03-25 02:49:15,495 INFO    SenderThread:22755 [sender.py:send_request_defer():248] send defer: 8
2021-03-25 02:49:15,498 DEBUG   HandlerThread:22755 [handler.py:handle_request():55] handle_request: defer
2021-03-25 02:49:15,499 INFO    HandlerThread:22755 [handler.py:handle_request_defer():69] handle defer: 8
2021-03-25 02:49:15,500 DEBUG   SenderThread:22755 [sender.py:send():117] send: final
2021-03-25 02:49:15,501 DEBUG   SenderThread:22755 [sender.py:send():117] send: footer
2021-03-25 02:49:15,501 DEBUG   SenderThread:22755 [sender.py:send():117] send: request
2021-03-25 02:49:15,501 DEBUG   SenderThread:22755 [sender.py:send_request():126] send_request: defer
2021-03-25 02:49:15,501 INFO    SenderThread:22755 [sender.py:send_request_defer():212] handle sender defer: 8
2021-03-25 02:49:15,504 DEBUG   Thread-22 :22755 [connectionpool.py:_make_request():461] https://api.wandb.ai:443 "POST /graphql HTTP/1.1" 200 None
2021-03-25 02:49:15,510 DEBUG   Thread-21 :22755 [connectionpool.py:_make_request():461] https://api.wandb.ai:443 "POST /graphql HTTP/1.1" 200 None
2021-03-25 02:49:15,522 DEBUG   Thread-22 :22755 [connectionpool.py:_new_conn():975] Starting new HTTPS connection (1): storage.googleapis.com:443
2021-03-25 02:49:15,531 DEBUG   Thread-21 :22755 [connectionpool.py:_new_conn():975] Starting new HTTPS connection (1): storage.googleapis.com:443
2021-03-25 02:49:15,555 DEBUG   Thread-24 :22755 [connectionpool.py:_make_request():461] https://api.wandb.ai:443 "POST /graphql HTTP/1.1" 200 None
2021-03-25 02:49:15,558 DEBUG   Thread-23 :22755 [connectionpool.py:_make_request():461] https://api.wandb.ai:443 "POST /graphql HTTP/1.1" 200 None
2021-03-25 02:49:15,575 DEBUG   Thread-24 :22755 [connectionpool.py:_new_conn():975] Starting new HTTPS connection (1): storage.googleapis.com:443
2021-03-25 02:49:15,582 DEBUG   Thread-23 :22755 [connectionpool.py:_new_conn():975] Starting new HTTPS connection (1): storage.googleapis.com:443
