2021-03-25 02:51:03,737 INFO    MainThread:27492 [wandb_setup.py:_flush():70] setting env: {}
2021-03-25 02:51:03,737 INFO    MainThread:27492 [wandb_setup.py:_flush():70] multiprocessing start_methods=fork,spawn,forkserver
2021-03-25 02:51:03,737 INFO    MainThread:27492 [wandb_setup.py:_flush():70] setting login settings: {}
2021-03-25 02:51:03,737 INFO    MainThread:27492 [wandb_init.py:_log_setup():318] Logging user logs to /home/gyq/share/gyq/program/SRFBN_CVPR19_fix_2/wandb/run-20210325_025103-9spl1l7w/logs/debug.log
2021-03-25 02:51:03,737 INFO    MainThread:27492 [wandb_init.py:_log_setup():319] Logging internal logs to /home/gyq/share/gyq/program/SRFBN_CVPR19_fix_2/wandb/run-20210325_025103-9spl1l7w/logs/debug-internal.log
2021-03-25 02:51:11,361 INFO    MainThread:27492 [wandb_run.py:_console_start():1396] atexit reg
2021-03-25 02:51:11,362 INFO    MainThread:27492 [wandb_run.py:_redirect():1259] redirect: SettingsConsole.REDIRECT
2021-03-25 02:51:11,363 INFO    MainThread:27492 [wandb_run.py:_redirect():1264] Redirecting console.
2021-03-25 02:51:11,363 INFO    MainThread:27492 [redirect.py:install():213] install start
2021-03-25 02:51:11,364 INFO    MainThread:27492 [redirect.py:install():228] install stop
2021-03-25 02:51:11,364 INFO    MainThread:27492 [redirect.py:install():213] install start
2021-03-25 02:51:11,364 INFO    MainThread:27492 [redirect.py:install():228] install stop
2021-03-25 02:51:11,365 INFO    MainThread:27492 [wandb_run.py:_redirect():1310] Redirects installed.
2021-03-25 02:51:12,624 INFO    MainThread:27492 [wandb_watch.py:watch():39] Watching
2021-03-25 02:51:44,184 INFO    MainThread:27492 [wandb_run.py:_atexit_cleanup():1366] got exitcode: 255
2021-03-25 02:51:44,184 INFO    MainThread:27492 [wandb_run.py:_restore():1338] restore
2021-03-25 02:51:44,185 INFO    MainThread:27492 [redirect.py:uninstall():232] uninstall start
2021-03-25 02:51:44,186 INFO    MainThread:27492 [redirect.py:_stop():287] _stop: stdout
2021-03-25 02:51:44,186 INFO    MainThread:27492 [redirect.py:_stop():293] _stop closed: stdout
2021-03-25 02:51:44,187 INFO    stdout    :27492 [redirect.py:_pipe_relay():129] relay done saw last write: stdout
2021-03-25 02:51:44,187 INFO    stdout    :27492 [redirect.py:_pipe_relay():145] relay done done: stdout
2021-03-25 02:51:44,188 INFO    MainThread:27492 [redirect.py:_stop():299] _stop joined: stdout
2021-03-25 02:51:44,188 INFO    MainThread:27492 [redirect.py:_stop():301] _stop rd closed: stdout
2021-03-25 02:51:44,188 INFO    MainThread:27492 [redirect.py:uninstall():236] uninstall done
2021-03-25 02:51:44,188 INFO    MainThread:27492 [redirect.py:uninstall():232] uninstall start
2021-03-25 02:51:44,188 INFO    MainThread:27492 [redirect.py:_stop():287] _stop: stderr
2021-03-25 02:51:44,188 INFO    MainThread:27492 [redirect.py:_stop():293] _stop closed: stderr
2021-03-25 02:51:44,188 INFO    stderr    :27492 [redirect.py:_pipe_relay():129] relay done saw last write: stderr
2021-03-25 02:51:44,188 INFO    stderr    :27492 [redirect.py:_pipe_relay():145] relay done done: stderr
2021-03-25 02:51:44,188 INFO    MainThread:27492 [redirect.py:_stop():299] _stop joined: stderr
2021-03-25 02:51:44,188 INFO    MainThread:27492 [redirect.py:_stop():301] _stop rd closed: stderr
2021-03-25 02:51:44,189 INFO    MainThread:27492 [redirect.py:uninstall():236] uninstall done
