2021-03-25 02:46:13,078 INFO    MainThread:20167 [internal.py:wandb_internal():64] W&B internal server running at pid: 20167
2021-03-25 02:46:13,080 INFO    WriterThread:20167 [datastore.py:open_for_write():77] open: /home/gyq/share/gyq/program/SRFBN_CVPR19_fix_2/wandb/run-20210325_024612-149pgkmp/run-149pgkmp.wandb
2021-03-25 02:46:13,081 DEBUG   HandlerThread:20167 [handler.py:handle_request():55] handle_request: check_version
2021-03-25 02:46:13,083 DEBUG   SenderThread:20167 [sender.py:send():117] send: header
2021-03-25 02:46:13,083 DEBUG   SenderThread:20167 [sender.py:send():117] send: request
2021-03-25 02:46:13,083 DEBUG   SenderThread:20167 [sender.py:send_request():126] send_request: check_version
2021-03-25 02:46:13,089 DEBUG   Thread-4  :20167 [connectionpool.py:_new_conn():975] Starting new HTTPS connection (1): pypi.org:443
2021-03-25 02:46:18,085 DEBUG   SenderThread:20167 [sender.py:send():117] send: run
2021-03-25 02:46:18,090 DEBUG   SenderThread:20167 [git.py:repo():33] git repository is invalid
2021-03-25 02:46:18,100 DEBUG   SenderThread:20167 [connectionpool.py:_new_conn():975] Starting new HTTPS connection (1): api.wandb.ai:443
2021-03-25 02:46:18,745 DEBUG   SenderThread:20167 [connectionpool.py:_make_request():461] https://api.wandb.ai:443 "POST /graphql HTTP/1.1" 200 None
2021-03-25 02:46:18,755 INFO    SenderThread:20167 [dir_watcher.py:__init__():165] watching files in: /home/gyq/share/gyq/program/SRFBN_CVPR19_fix_2/wandb/run-20210325_024612-149pgkmp/files
2021-03-25 02:46:18,755 INFO    SenderThread:20167 [sender.py:_start_run_threads():596] run started: 149pgkmp with start time 1616640372
2021-03-25 02:46:18,757 DEBUG   SenderThread:20167 [sender.py:send():117] send: summary
2021-03-25 02:46:18,758 INFO    SenderThread:20167 [sender.py:_save_file():682] saving file wandb-summary.json with policy end
2021-03-25 02:46:18,758 DEBUG   HandlerThread:20167 [handler.py:handle_request():55] handle_request: run_start
2021-03-25 02:46:18,762 DEBUG   HandlerThread:20167 [meta.py:__init__():34] meta init
2021-03-25 02:46:18,762 DEBUG   HandlerThread:20167 [meta.py:__init__():48] meta init done
2021-03-25 02:46:18,763 DEBUG   HandlerThread:20167 [meta.py:probe():190] probe
2021-03-25 02:46:18,769 DEBUG   HandlerThread:20167 [git.py:repo():33] git repository is invalid
2021-03-25 02:46:18,769 DEBUG   HandlerThread:20167 [meta.py:_save_pip():52] save pip
2021-03-25 02:46:18,770 DEBUG   HandlerThread:20167 [meta.py:_save_pip():66] save pip done
2021-03-25 02:46:18,770 DEBUG   HandlerThread:20167 [meta.py:probe():231] probe done
2021-03-25 02:46:18,880 DEBUG   SenderThread:20167 [sender.py:send():117] send: files
2021-03-25 02:46:18,880 INFO    SenderThread:20167 [sender.py:_save_file():682] saving file wandb-metadata.json with policy now
2021-03-25 02:46:18,885 DEBUG   HandlerThread:20167 [handler.py:handle_request():55] handle_request: status
2021-03-25 02:46:18,885 DEBUG   SenderThread:20167 [sender.py:send():117] send: request
2021-03-25 02:46:18,885 DEBUG   Thread-11 :20167 [connectionpool.py:_new_conn():975] Starting new HTTPS connection (1): api.wandb.ai:443
2021-03-25 02:46:18,886 DEBUG   SenderThread:20167 [sender.py:send_request():126] send_request: status
2021-03-25 02:46:18,889 DEBUG   SenderThread:20167 [connectionpool.py:_new_conn():975] Starting new HTTPS connection (1): api.wandb.ai:443
2021-03-25 02:46:19,471 DEBUG   SenderThread:20167 [connectionpool.py:_make_request():461] https://api.wandb.ai:443 "POST /graphql HTTP/1.1" 200 None
2021-03-25 02:46:19,662 DEBUG   Thread-11 :20167 [connectionpool.py:_make_request():461] https://api.wandb.ai:443 "POST /graphql HTTP/1.1" 200 None
2021-03-25 02:46:19,666 DEBUG   Thread-11 :20167 [connectionpool.py:_new_conn():975] Starting new HTTPS connection (1): storage.googleapis.com:443
2021-03-25 02:46:19,757 INFO    Thread-8  :20167 [dir_watcher.py:_on_file_created():213] file/dir created: /home/gyq/share/gyq/program/SRFBN_CVPR19_fix_2/wandb/run-20210325_024612-149pgkmp/files/wandb-summary.json
2021-03-25 02:46:19,758 INFO    Thread-8  :20167 [dir_watcher.py:_on_file_created():213] file/dir created: /home/gyq/share/gyq/program/SRFBN_CVPR19_fix_2/wandb/run-20210325_024612-149pgkmp/files/output.log
2021-03-25 02:46:19,758 INFO    Thread-8  :20167 [dir_watcher.py:_on_file_created():213] file/dir created: /home/gyq/share/gyq/program/SRFBN_CVPR19_fix_2/wandb/run-20210325_024612-149pgkmp/files/requirements.txt
2021-03-25 02:46:19,758 INFO    Thread-8  :20167 [dir_watcher.py:_on_file_created():213] file/dir created: /home/gyq/share/gyq/program/SRFBN_CVPR19_fix_2/wandb/run-20210325_024612-149pgkmp/files/wandb-metadata.json
2021-03-25 02:46:20,158 DEBUG   Thread-11 :20167 [connectionpool.py:_make_request():461] https://storage.googleapis.com:443 "PUT /wandb-production.appspot.com/gaoyuqi/SRFBN/149pgkmp/wandb-metadata.json?Expires=1616726820&GoogleAccessId=wandb-production%40appspot.gserviceaccount.com&Signature=mBqQjWYUvyDWJQES7Bjurg4auM%2Fkmq7K4UBT148fxQCls8u5W3coz4A8Tm3TMViw9C3gw6gQFXAZ2r1Vfm3yXnDtlm3wAXg0g6SIU7Vw8NQuy5GyAZ34Z27DFYY4Vh8N%2BKPXvcHC9PW27nUTFaH5r%2BMGf%2F4cQPy6boN1peCYi3moDvEQk5p%2F0iKaZZuKkBsNFo8jcSCQ3p1hTscVUvVjlLq3dEtaujoE5CwN3qpB%2BuAXXWl9qkJRSviVaULNRkCg6Ilb3olnNdh8Pp7lPOBUM7Ek5X5NIjdEe3nZIPqxMxqMMvX1Z4XYJCZqy5FBC888XCib%2Fji3Of0Uc1h34qnxGw%3D%3D HTTP/1.1" 200 0
2021-03-25 02:46:20,159 INFO    Thread-11 :20167 [upload_job.py:push():133] Uploaded file /tmp/tmpettkykcowandb/13kxn4iu-wandb-metadata.json
2021-03-25 02:46:21,380 DEBUG   Thread-5  :20167 [connectionpool.py:_new_conn():975] Starting new HTTPS connection (1): api.wandb.ai:443
2021-03-25 02:46:21,756 INFO    Thread-8  :20167 [dir_watcher.py:_on_file_modified():226] file/dir modified: /home/gyq/share/gyq/program/SRFBN_CVPR19_fix_2/wandb/run-20210325_024612-149pgkmp/files/output.log
2021-03-25 02:46:21,987 DEBUG   Thread-5  :20167 [connectionpool.py:_make_request():461] https://api.wandb.ai:443 "POST /files/gaoyuqi/SRFBN/149pgkmp/file_stream HTTP/1.1" 200 None
2021-03-25 02:46:22,299 DEBUG   SenderThread:20167 [sender.py:send():117] send: stats
2021-03-25 02:46:24,732 DEBUG   Thread-5  :20167 [connectionpool.py:_make_request():461] https://api.wandb.ai:443 "POST /files/gaoyuqi/SRFBN/149pgkmp/file_stream HTTP/1.1" 200 None
2021-03-25 02:46:25,372 DEBUG   Thread-4  :20167 [connectionpool.py:_make_request():461] https://pypi.org:443 "GET /pypi/wandb/json HTTP/1.1" 200 55358
2021-03-25 02:46:26,898 DEBUG   SenderThread:20167 [sender.py:send():117] send: stats
2021-03-25 02:46:27,188 DEBUG   Thread-5  :20167 [connectionpool.py:_make_request():461] https://api.wandb.ai:443 "POST /files/gaoyuqi/SRFBN/149pgkmp/file_stream HTTP/1.1" 200 None
2021-03-25 02:46:30,321 DEBUG   SenderThread:20167 [sender.py:send():117] send: telemetry
2021-03-25 02:46:30,321 DEBUG   HandlerThread:20167 [handler.py:handle_request():55] handle_request: poll_exit
2021-03-25 02:46:30,328 DEBUG   SenderThread:20167 [connectionpool.py:_new_conn():975] Starting new HTTPS connection (1): api.wandb.ai:443
2021-03-25 02:46:30,581 DEBUG   Thread-5  :20167 [connectionpool.py:_make_request():461] https://api.wandb.ai:443 "POST /files/gaoyuqi/SRFBN/149pgkmp/file_stream HTTP/1.1" 200 None
2021-03-25 02:46:30,760 INFO    Thread-8  :20167 [dir_watcher.py:_on_file_modified():226] file/dir modified: /home/gyq/share/gyq/program/SRFBN_CVPR19_fix_2/wandb/run-20210325_024612-149pgkmp/files/output.log
2021-03-25 02:46:30,930 DEBUG   SenderThread:20167 [connectionpool.py:_make_request():461] https://api.wandb.ai:443 "POST /graphql HTTP/1.1" 200 None
2021-03-25 02:46:30,935 DEBUG   SenderThread:20167 [sender.py:send():117] send: exit
2021-03-25 02:46:30,936 INFO    SenderThread:20167 [sender.py:send_exit():195] handling exit code: 1
2021-03-25 02:46:30,936 INFO    SenderThread:20167 [sender.py:send_exit():203] send defer
2021-03-25 02:46:30,936 DEBUG   SenderThread:20167 [sender.py:send():117] send: request
2021-03-25 02:46:30,936 DEBUG   SenderThread:20167 [sender.py:send_request():126] send_request: poll_exit
2021-03-25 02:46:30,937 DEBUG   HandlerThread:20167 [handler.py:handle_request():55] handle_request: defer
2021-03-25 02:46:30,937 INFO    HandlerThread:20167 [handler.py:handle_request_defer():69] handle defer: 0
2021-03-25 02:46:30,937 DEBUG   SenderThread:20167 [sender.py:send():117] send: request
2021-03-25 02:46:30,937 DEBUG   SenderThread:20167 [sender.py:send_request():126] send_request: defer
2021-03-25 02:46:30,937 INFO    SenderThread:20167 [sender.py:send_request_defer():212] handle sender defer: 0
2021-03-25 02:46:30,938 INFO    SenderThread:20167 [sender.py:send_request_defer():248] send defer: 1
2021-03-25 02:46:30,938 DEBUG   HandlerThread:20167 [handler.py:handle_request():55] handle_request: defer
2021-03-25 02:46:30,938 INFO    HandlerThread:20167 [handler.py:handle_request_defer():69] handle defer: 1
2021-03-25 02:46:30,991 DEBUG   SenderThread:20167 [sender.py:send():117] send: request
2021-03-25 02:46:30,991 DEBUG   SenderThread:20167 [sender.py:send_request():126] send_request: defer
2021-03-25 02:46:30,992 INFO    SenderThread:20167 [sender.py:send_request_defer():212] handle sender defer: 1
2021-03-25 02:46:30,992 INFO    SenderThread:20167 [sender.py:send_request_defer():248] send defer: 2
2021-03-25 02:46:30,992 DEBUG   SenderThread:20167 [sender.py:send():117] send: stats
2021-03-25 02:46:30,994 DEBUG   HandlerThread:20167 [handler.py:handle_request():55] handle_request: defer
2021-03-25 02:46:30,994 INFO    HandlerThread:20167 [handler.py:handle_request_defer():69] handle defer: 2
2021-03-25 02:46:30,994 DEBUG   SenderThread:20167 [sender.py:send():117] send: request
2021-03-25 02:46:30,994 DEBUG   SenderThread:20167 [sender.py:send_request():126] send_request: defer
2021-03-25 02:46:30,995 INFO    SenderThread:20167 [sender.py:send_request_defer():212] handle sender defer: 2
2021-03-25 02:46:30,995 INFO    SenderThread:20167 [sender.py:send_request_defer():248] send defer: 3
2021-03-25 02:46:30,995 DEBUG   HandlerThread:20167 [handler.py:handle_request():55] handle_request: defer
2021-03-25 02:46:30,995 INFO    HandlerThread:20167 [handler.py:handle_request_defer():69] handle defer: 3
2021-03-25 02:46:30,996 DEBUG   SenderThread:20167 [sender.py:send():117] send: summary
2021-03-25 02:46:30,997 INFO    SenderThread:20167 [sender.py:_save_file():682] saving file wandb-summary.json with policy end
2021-03-25 02:46:30,997 DEBUG   SenderThread:20167 [sender.py:send():117] send: request
2021-03-25 02:46:30,997 DEBUG   SenderThread:20167 [sender.py:send_request():126] send_request: defer
2021-03-25 02:46:30,997 INFO    SenderThread:20167 [sender.py:send_request_defer():212] handle sender defer: 3
2021-03-25 02:46:30,997 INFO    SenderThread:20167 [sender.py:send_request_defer():248] send defer: 4
2021-03-25 02:46:30,998 DEBUG   HandlerThread:20167 [handler.py:handle_request():55] handle_request: defer
2021-03-25 02:46:30,998 INFO    HandlerThread:20167 [handler.py:handle_request_defer():69] handle defer: 4
2021-03-25 02:46:30,998 DEBUG   SenderThread:20167 [sender.py:send():117] send: request
2021-03-25 02:46:30,998 DEBUG   SenderThread:20167 [sender.py:send_request():126] send_request: defer
2021-03-25 02:46:30,999 INFO    SenderThread:20167 [sender.py:send_request_defer():212] handle sender defer: 4
2021-03-25 02:46:30,999 INFO    SenderThread:20167 [dir_watcher.py:finish():279] shutting down directory watcher
2021-03-25 02:46:31,760 INFO    Thread-8  :20167 [dir_watcher.py:_on_file_modified():226] file/dir modified: /home/gyq/share/gyq/program/SRFBN_CVPR19_fix_2/wandb/run-20210325_024612-149pgkmp/files/config.yaml
2021-03-25 02:46:31,762 INFO    SenderThread:20167 [dir_watcher.py:_on_file_modified():226] file/dir modified: /home/gyq/share/gyq/program/SRFBN_CVPR19_fix_2/wandb/run-20210325_024612-149pgkmp/files/wandb-summary.json
2021-03-25 02:46:31,762 INFO    SenderThread:20167 [dir_watcher.py:finish():309] scan: /home/gyq/share/gyq/program/SRFBN_CVPR19_fix_2/wandb/run-20210325_024612-149pgkmp/files
2021-03-25 02:46:31,762 INFO    SenderThread:20167 [dir_watcher.py:finish():315] scan save: /home/gyq/share/gyq/program/SRFBN_CVPR19_fix_2/wandb/run-20210325_024612-149pgkmp/files/config.yaml config.yaml
2021-03-25 02:46:31,763 INFO    SenderThread:20167 [dir_watcher.py:finish():315] scan save: /home/gyq/share/gyq/program/SRFBN_CVPR19_fix_2/wandb/run-20210325_024612-149pgkmp/files/wandb-metadata.json wandb-metadata.json
2021-03-25 02:46:31,763 INFO    SenderThread:20167 [dir_watcher.py:finish():315] scan save: /home/gyq/share/gyq/program/SRFBN_CVPR19_fix_2/wandb/run-20210325_024612-149pgkmp/files/requirements.txt requirements.txt
2021-03-25 02:46:31,769 INFO    SenderThread:20167 [dir_watcher.py:finish():315] scan save: /home/gyq/share/gyq/program/SRFBN_CVPR19_fix_2/wandb/run-20210325_024612-149pgkmp/files/output.log output.log
2021-03-25 02:46:31,770 DEBUG   Thread-12 :20167 [connectionpool.py:_new_conn():975] Starting new HTTPS connection (1): api.wandb.ai:443
2021-03-25 02:46:31,771 INFO    SenderThread:20167 [dir_watcher.py:finish():315] scan save: /home/gyq/share/gyq/program/SRFBN_CVPR19_fix_2/wandb/run-20210325_024612-149pgkmp/files/wandb-summary.json wandb-summary.json
2021-03-25 02:46:31,784 DEBUG   Thread-13 :20167 [connectionpool.py:_new_conn():975] Starting new HTTPS connection (1): api.wandb.ai:443
2021-03-25 02:46:31,785 DEBUG   Thread-14 :20167 [connectionpool.py:_new_conn():975] Starting new HTTPS connection (1): api.wandb.ai:443
2021-03-25 02:46:31,785 INFO    SenderThread:20167 [sender.py:send_request_defer():248] send defer: 5
2021-03-25 02:46:31,792 DEBUG   Thread-15 :20167 [connectionpool.py:_new_conn():975] Starting new HTTPS connection (1): api.wandb.ai:443
2021-03-25 02:46:31,793 DEBUG   HandlerThread:20167 [handler.py:handle_request():55] handle_request: defer
2021-03-25 02:46:31,793 INFO    HandlerThread:20167 [handler.py:handle_request_defer():69] handle defer: 5
2021-03-25 02:46:31,794 DEBUG   SenderThread:20167 [sender.py:send():117] send: request
2021-03-25 02:46:31,794 DEBUG   SenderThread:20167 [sender.py:send_request():126] send_request: defer
2021-03-25 02:46:31,794 INFO    SenderThread:20167 [sender.py:send_request_defer():212] handle sender defer: 5
2021-03-25 02:46:31,794 INFO    SenderThread:20167 [file_pusher.py:finish():174] shutting down file pusher
2021-03-25 02:46:31,794 INFO    SenderThread:20167 [sender.py:send_request_defer():248] send defer: 6
2021-03-25 02:46:31,795 DEBUG   HandlerThread:20167 [handler.py:handle_request():55] handle_request: defer
2021-03-25 02:46:31,795 INFO    HandlerThread:20167 [handler.py:handle_request_defer():69] handle defer: 6
2021-03-25 02:46:31,796 DEBUG   SenderThread:20167 [sender.py:send():117] send: request
2021-03-25 02:46:31,796 DEBUG   SenderThread:20167 [sender.py:send_request():126] send_request: defer
2021-03-25 02:46:31,796 INFO    SenderThread:20167 [sender.py:send_request_defer():212] handle sender defer: 6
2021-03-25 02:46:32,083 DEBUG   Thread-5  :20167 [connectionpool.py:_make_request():461] https://api.wandb.ai:443 "POST /files/gaoyuqi/SRFBN/149pgkmp/file_stream HTTP/1.1" 200 None
2021-03-25 02:46:32,323 DEBUG   Thread-5  :20167 [connectionpool.py:_make_request():461] https://api.wandb.ai:443 "POST /files/gaoyuqi/SRFBN/149pgkmp/file_stream HTTP/1.1" 200 None
2021-03-25 02:46:32,326 INFO    SenderThread:20167 [sender.py:send_request_defer():248] send defer: 7
2021-03-25 02:46:32,327 DEBUG   HandlerThread:20167 [handler.py:handle_request():55] handle_request: defer
2021-03-25 02:46:32,327 INFO    HandlerThread:20167 [handler.py:handle_request_defer():69] handle defer: 7
2021-03-25 02:46:32,327 DEBUG   SenderThread:20167 [sender.py:send():117] send: request
2021-03-25 02:46:32,327 DEBUG   SenderThread:20167 [sender.py:send_request():126] send_request: defer
2021-03-25 02:46:32,327 INFO    SenderThread:20167 [sender.py:send_request_defer():212] handle sender defer: 7
2021-03-25 02:46:32,328 INFO    SenderThread:20167 [sender.py:send_request_defer():248] send defer: 8
2021-03-25 02:46:32,328 DEBUG   SenderThread:20167 [sender.py:send():117] send: final
2021-03-25 02:46:32,329 DEBUG   SenderThread:20167 [sender.py:send():117] send: footer
2021-03-25 02:46:32,329 DEBUG   HandlerThread:20167 [handler.py:handle_request():55] handle_request: defer
2021-03-25 02:46:32,329 INFO    HandlerThread:20167 [handler.py:handle_request_defer():69] handle defer: 8
2021-03-25 02:46:32,330 DEBUG   SenderThread:20167 [sender.py:send():117] send: request
2021-03-25 02:46:32,330 DEBUG   SenderThread:20167 [sender.py:send_request():126] send_request: defer
2021-03-25 02:46:32,330 INFO    SenderThread:20167 [sender.py:send_request_defer():212] handle sender defer: 8
2021-03-25 02:46:32,372 DEBUG   Thread-12 :20167 [connectionpool.py:_make_request():461] https://api.wandb.ai:443 "POST /graphql HTTP/1.1" 200 None
2021-03-25 02:46:32,378 DEBUG   Thread-12 :20167 [connectionpool.py:_new_conn():975] Starting new HTTPS connection (1): storage.googleapis.com:443
2021-03-25 02:46:32,379 DEBUG   Thread-13 :20167 [connectionpool.py:_make_request():461] https://api.wandb.ai:443 "POST /graphql HTTP/1.1" 200 None
2021-03-25 02:46:32,383 DEBUG   Thread-14 :20167 [connectionpool.py:_make_request():461] https://api.wandb.ai:443 "POST /graphql HTTP/1.1" 200 None
2021-03-25 02:46:32,390 DEBUG   Thread-13 :20167 [connectionpool.py:_new_conn():975] Starting new HTTPS connection (1): storage.googleapis.com:443
2021-03-25 02:46:32,390 DEBUG   Thread-15 :20167 [connectionpool.py:_make_request():461] https://api.wandb.ai:443 "POST /graphql HTTP/1.1" 200 None
2021-03-25 02:46:32,396 DEBUG   Thread-14 :20167 [connectionpool.py:_new_conn():975] Starting new HTTPS connection (1): storage.googleapis.com:443
2021-03-25 02:46:32,400 DEBUG   Thread-15 :20167 [connectionpool.py:_new_conn():975] Starting new HTTPS connection (1): storage.googleapis.com:443
2021-03-25 02:46:32,873 DEBUG   Thread-15 :20167 [connectionpool.py:_make_request():461] https://storage.googleapis.com:443 "PUT /wandb-production.appspot.com/gaoyuqi/SRFBN/149pgkmp/wandb-summary.json?Expires=1616726833&GoogleAccessId=wandb-production%40appspot.gserviceaccount.com&Signature=Uwc7W9jVOZCkDqK0A9aDKVR9U8JDLLqIVk5XC%2BL6XhZ4EpRnNauFBt54oEkKghZajzGX9AFfJES89M1qefnBCX%2BN6jfJA6VVzwk1NqlVPNNGGE6SrN5hc%2BZNZFd9VyjavSH8LnHpysoCYfUrF33UQ8CScYyHlzZELYWKO5bOcCbEo6hGDXFZIGQ1MWX2F4imuizGp0DjHGPrcasxIGTX1C9%2FknaJtN1Of7NDVrNv3Hn2%2B7KPNKqoyRBXHHbuz4GVnTlvLzNaRU8ieQco%2BQDC7AOBhZuVwZDkwUEK5PIVcQc8Zsrb6U%2FUaBnaOjd%2Bhpsj2byD9v76BkOOIxd%2Fx6AU%2FQ%3D%3D HTTP/1.1" 200 0
2021-03-25 02:46:32,875 INFO    Thread-15 :20167 [upload_job.py:push():133] Uploaded file /home/gyq/share/gyq/program/SRFBN_CVPR19_fix_2/wandb/run-20210325_024612-149pgkmp/files/wandb-summary.json
2021-03-25 02:46:32,940 DEBUG   HandlerThread:20167 [handler.py:handle_request():55] handle_request: poll_exit
2021-03-25 02:46:32,940 DEBUG   SenderThread:20167 [sender.py:send():117] send: request
2021-03-25 02:46:32,941 DEBUG   SenderThread:20167 [sender.py:send_request():126] send_request: poll_exit
2021-03-25 02:46:34,944 DEBUG   HandlerThread:20167 [handler.py:handle_request():55] handle_request: poll_exit
2021-03-25 02:46:34,945 DEBUG   SenderThread:20167 [sender.py:send():117] send: request
2021-03-25 02:46:34,945 DEBUG   SenderThread:20167 [sender.py:send_request():126] send_request: poll_exit
2021-03-25 02:46:36,948 DEBUG   HandlerThread:20167 [handler.py:handle_request():55] handle_request: poll_exit
2021-03-25 02:46:36,949 DEBUG   SenderThread:20167 [sender.py:send():117] send: request
2021-03-25 02:46:36,949 DEBUG   SenderThread:20167 [sender.py:send_request():126] send_request: poll_exit
2021-03-25 02:46:38,953 DEBUG   HandlerThread:20167 [handler.py:handle_request():55] handle_request: poll_exit
2021-03-25 02:46:38,953 DEBUG   SenderThread:20167 [sender.py:send():117] send: request
2021-03-25 02:46:38,953 DEBUG   SenderThread:20167 [sender.py:send_request():126] send_request: poll_exit
2021-03-25 02:46:40,957 DEBUG   HandlerThread:20167 [handler.py:handle_request():55] handle_request: poll_exit
2021-03-25 02:46:40,958 DEBUG   SenderThread:20167 [sender.py:send():117] send: request
2021-03-25 02:46:40,958 DEBUG   SenderThread:20167 [sender.py:send_request():126] send_request: poll_exit
2021-03-25 02:46:42,962 DEBUG   HandlerThread:20167 [handler.py:handle_request():55] handle_request: poll_exit
2021-03-25 02:46:42,963 DEBUG   SenderThread:20167 [sender.py:send():117] send: request
2021-03-25 02:46:42,963 DEBUG   SenderThread:20167 [sender.py:send_request():126] send_request: poll_exit
2021-03-25 02:46:44,967 DEBUG   HandlerThread:20167 [handler.py:handle_request():55] handle_request: poll_exit
2021-03-25 02:46:44,967 DEBUG   SenderThread:20167 [sender.py:send():117] send: request
2021-03-25 02:46:44,967 DEBUG   SenderThread:20167 [sender.py:send_request():126] send_request: poll_exit
2021-03-25 02:46:46,970 DEBUG   HandlerThread:20167 [handler.py:handle_request():55] handle_request: poll_exit
2021-03-25 02:46:46,971 DEBUG   SenderThread:20167 [sender.py:send():117] send: request
2021-03-25 02:46:46,971 DEBUG   SenderThread:20167 [sender.py:send_request():126] send_request: poll_exit
2021-03-25 02:46:48,975 DEBUG   HandlerThread:20167 [handler.py:handle_request():55] handle_request: poll_exit
2021-03-25 02:46:48,975 DEBUG   SenderThread:20167 [sender.py:send():117] send: request
2021-03-25 02:46:48,975 DEBUG   SenderThread:20167 [sender.py:send_request():126] send_request: poll_exit
2021-03-25 02:46:50,979 DEBUG   HandlerThread:20167 [handler.py:handle_request():55] handle_request: poll_exit
2021-03-25 02:46:50,979 DEBUG   SenderThread:20167 [sender.py:send():117] send: request
2021-03-25 02:46:50,980 DEBUG   SenderThread:20167 [sender.py:send_request():126] send_request: poll_exit
2021-03-25 02:46:52,983 DEBUG   HandlerThread:20167 [handler.py:handle_request():55] handle_request: poll_exit
2021-03-25 02:46:52,983 DEBUG   SenderThread:20167 [sender.py:send():117] send: request
2021-03-25 02:46:52,983 DEBUG   SenderThread:20167 [sender.py:send_request():126] send_request: poll_exit
2021-03-25 02:46:54,987 DEBUG   HandlerThread:20167 [handler.py:handle_request():55] handle_request: poll_exit
2021-03-25 02:46:54,988 DEBUG   SenderThread:20167 [sender.py:send():117] send: request
2021-03-25 02:46:54,988 DEBUG   SenderThread:20167 [sender.py:send_request():126] send_request: poll_exit
2021-03-25 02:46:56,992 DEBUG   HandlerThread:20167 [handler.py:handle_request():55] handle_request: poll_exit
2021-03-25 02:46:56,992 DEBUG   SenderThread:20167 [sender.py:send():117] send: request
2021-03-25 02:46:56,993 DEBUG   SenderThread:20167 [sender.py:send_request():126] send_request: poll_exit
2021-03-25 02:46:58,996 DEBUG   HandlerThread:20167 [handler.py:handle_request():55] handle_request: poll_exit
2021-03-25 02:46:58,997 DEBUG   SenderThread:20167 [sender.py:send():117] send: request
2021-03-25 02:46:58,997 DEBUG   SenderThread:20167 [sender.py:send_request():126] send_request: poll_exit
2021-03-25 02:47:00,999 DEBUG   HandlerThread:20167 [handler.py:handle_request():55] handle_request: poll_exit
2021-03-25 02:47:01,000 DEBUG   SenderThread:20167 [sender.py:send():117] send: request
2021-03-25 02:47:01,000 DEBUG   SenderThread:20167 [sender.py:send_request():126] send_request: poll_exit
2021-03-25 02:47:03,004 DEBUG   HandlerThread:20167 [handler.py:handle_request():55] handle_request: poll_exit
2021-03-25 02:47:03,004 DEBUG   SenderThread:20167 [sender.py:send():117] send: request
2021-03-25 02:47:03,005 DEBUG   SenderThread:20167 [sender.py:send_request():126] send_request: poll_exit
2021-03-25 02:47:05,007 DEBUG   HandlerThread:20167 [handler.py:handle_request():55] handle_request: poll_exit
2021-03-25 02:47:05,007 DEBUG   SenderThread:20167 [sender.py:send():117] send: request
2021-03-25 02:47:05,008 DEBUG   SenderThread:20167 [sender.py:send_request():126] send_request: poll_exit
2021-03-25 02:47:07,012 DEBUG   HandlerThread:20167 [handler.py:handle_request():55] handle_request: poll_exit
2021-03-25 02:47:07,012 DEBUG   SenderThread:20167 [sender.py:send():117] send: request
2021-03-25 02:47:07,012 DEBUG   SenderThread:20167 [sender.py:send_request():126] send_request: poll_exit
2021-03-25 02:47:09,016 DEBUG   HandlerThread:20167 [handler.py:handle_request():55] handle_request: poll_exit
2021-03-25 02:47:09,017 DEBUG   SenderThread:20167 [sender.py:send():117] send: request
2021-03-25 02:47:09,017 DEBUG   SenderThread:20167 [sender.py:send_request():126] send_request: poll_exit
2021-03-25 02:47:11,021 DEBUG   HandlerThread:20167 [handler.py:handle_request():55] handle_request: poll_exit
2021-03-25 02:47:11,021 DEBUG   SenderThread:20167 [sender.py:send():117] send: request
2021-03-25 02:47:11,022 DEBUG   SenderThread:20167 [sender.py:send_request():126] send_request: poll_exit
2021-03-25 02:47:13,024 DEBUG   HandlerThread:20167 [handler.py:handle_request():55] handle_request: poll_exit
2021-03-25 02:47:13,024 DEBUG   SenderThread:20167 [sender.py:send():117] send: request
2021-03-25 02:47:13,024 DEBUG   SenderThread:20167 [sender.py:send_request():126] send_request: poll_exit
2021-03-25 02:47:15,028 DEBUG   HandlerThread:20167 [handler.py:handle_request():55] handle_request: poll_exit
2021-03-25 02:47:15,028 DEBUG   SenderThread:20167 [sender.py:send():117] send: request
2021-03-25 02:47:15,029 DEBUG   SenderThread:20167 [sender.py:send_request():126] send_request: poll_exit
2021-03-25 02:47:17,031 DEBUG   HandlerThread:20167 [handler.py:handle_request():55] handle_request: poll_exit
2021-03-25 02:47:17,032 DEBUG   SenderThread:20167 [sender.py:send():117] send: request
2021-03-25 02:47:17,032 DEBUG   SenderThread:20167 [sender.py:send_request():126] send_request: poll_exit
2021-03-25 02:47:19,036 DEBUG   HandlerThread:20167 [handler.py:handle_request():55] handle_request: poll_exit
2021-03-25 02:47:19,036 DEBUG   SenderThread:20167 [sender.py:send():117] send: request
2021-03-25 02:47:19,037 DEBUG   SenderThread:20167 [sender.py:send_request():126] send_request: poll_exit
2021-03-25 02:47:21,040 DEBUG   HandlerThread:20167 [handler.py:handle_request():55] handle_request: poll_exit
2021-03-25 02:47:21,041 DEBUG   SenderThread:20167 [sender.py:send():117] send: request
2021-03-25 02:47:21,041 DEBUG   SenderThread:20167 [sender.py:send_request():126] send_request: poll_exit
2021-03-25 02:47:23,044 DEBUG   HandlerThread:20167 [handler.py:handle_request():55] handle_request: poll_exit
2021-03-25 02:47:23,044 DEBUG   SenderThread:20167 [sender.py:send():117] send: request
2021-03-25 02:47:23,044 DEBUG   SenderThread:20167 [sender.py:send_request():126] send_request: poll_exit
2021-03-25 02:47:25,047 DEBUG   HandlerThread:20167 [handler.py:handle_request():55] handle_request: poll_exit
2021-03-25 02:47:25,047 DEBUG   SenderThread:20167 [sender.py:send():117] send: request
2021-03-25 02:47:25,048 DEBUG   SenderThread:20167 [sender.py:send_request():126] send_request: poll_exit
2021-03-25 02:47:27,050 DEBUG   HandlerThread:20167 [handler.py:handle_request():55] handle_request: poll_exit
2021-03-25 02:47:27,050 DEBUG   SenderThread:20167 [sender.py:send():117] send: request
2021-03-25 02:47:27,050 DEBUG   SenderThread:20167 [sender.py:send_request():126] send_request: poll_exit
2021-03-25 02:47:29,054 DEBUG   HandlerThread:20167 [handler.py:handle_request():55] handle_request: poll_exit
2021-03-25 02:47:29,054 DEBUG   SenderThread:20167 [sender.py:send():117] send: request
2021-03-25 02:47:29,055 DEBUG   SenderThread:20167 [sender.py:send_request():126] send_request: poll_exit
2021-03-25 02:47:31,058 DEBUG   HandlerThread:20167 [handler.py:handle_request():55] handle_request: poll_exit
2021-03-25 02:47:31,059 DEBUG   SenderThread:20167 [sender.py:send():117] send: request
2021-03-25 02:47:31,059 DEBUG   SenderThread:20167 [sender.py:send_request():126] send_request: poll_exit
2021-03-25 02:47:31,090 WARNING MainThread:20167 [internal.py:wandb_internal():118] Internal process interrupt: 1
2021-03-25 02:47:35,094 WARNING MainThread:20167 [internal.py:is_dead():287] Internal process exiting, parent pid 20110 disappeared
2021-03-25 02:47:35,094 ERROR   MainThread:20167 [internal.py:wandb_internal():114] Internal process shutdown.
2021-03-25 02:47:35,341 INFO    WriterThread:20167 [datastore.py:close():258] close: /home/gyq/share/gyq/program/SRFBN_CVPR19_fix_2/wandb/run-20210325_024612-149pgkmp/run-149pgkmp.wandb
2021-03-25 02:47:36,060 INFO    SenderThread:20167 [sender.py:finish():756] shutting down sender
2021-03-25 02:47:36,060 INFO    SenderThread:20167 [file_pusher.py:finish():174] shutting down file pusher
2021-03-25 02:47:36,060 INFO    SenderThread:20167 [file_pusher.py:join():179] waiting for file pusher
2021-03-25 02:47:36,064 INFO    HandlerThread:20167 [handler.py:finish():274] shutting down handler
2021-03-25 02:48:42,543 DEBUG   Thread-13 :20167 [connectionpool.py:_make_request():461] https://storage.googleapis.com:443 "PUT /wandb-production.appspot.com/gaoyuqi/SRFBN/149pgkmp/requirements.txt?Expires=1616726833&GoogleAccessId=wandb-production%40appspot.gserviceaccount.com&Signature=edunOAb05fQJ0UeIhGF7K7gA09lN0MX1RQsk8cZpVUwODofSy6aR5EsDbsb4OWHaxkjta4cysrHlrqgfyHY8Lofa1d8OYATjKrVxAbVMF519oPKc%2Bztz188V%2BSda6%2BdUgb7RWDqJXZiWQvKr7Z%2FajGRVKrBvi9GdxtXNhHzncq1L237vbgtW0cFBinUmhWl%2Bha9hsXWzzJt36l4xs90XtjQEzwkcLzzLTEWkLalWgeOfrGiJq1R%2Fkbj31bSJ%2F%2BkKJ09b2cuT%2Bt6MO%2Be9hhl5hmcMHkb%2F8qzJgi027%2BaWRDqISEIC2VwnGXB99VSAoC7qOQI1sayJNkSYOiuj4AGGIA%3D%3D HTTP/1.1" 200 0
2021-03-25 02:48:42,544 INFO    Thread-13 :20167 [upload_job.py:push():133] Uploaded file /home/gyq/share/gyq/program/SRFBN_CVPR19_fix_2/wandb/run-20210325_024612-149pgkmp/files/requirements.txt
2021-03-25 02:48:42,554 DEBUG   Thread-14 :20167 [connectionpool.py:_make_request():461] https://storage.googleapis.com:443 "PUT /wandb-production.appspot.com/gaoyuqi/SRFBN/149pgkmp/output.log?Expires=1616726833&GoogleAccessId=wandb-production%40appspot.gserviceaccount.com&Signature=P1%2Frw8xHc%2Fay%2BolDeJtrUnlLBA%2BuS2XHYWv9U4%2BphejldsnET%2BKXF7zHUi1reuhBozxw0gcYnATydaWJZz6F23A3XfNkc54nnihao8tcDtae86vQXGAnr8TotqWqjAMt6K%2FAgKOQ9A4NE%2FGZJ09W6KTLhrmOKi9gfJ3Ipxal3%2B%2B%2FXW5kRSscMhaep5zcnUjT0PAsICGQfxRH%2FmYa9KS8FXhHMJhjhqHve9pvz8BHfTG8n8LJQaGpsf%2FjoUm7V1EABz5Ok1jIMCsR02FEkCRtBWAOXd%2BR9REoIYfxk7yfQl9kl60rdsh1ihhc%2B%2BfQ2%2FkwopceqkyI2NprHw0ig6o0xA%3D%3D HTTP/1.1" 200 0
2021-03-25 02:48:42,555 DEBUG   Thread-12 :20167 [connectionpool.py:_make_request():461] https://storage.googleapis.com:443 "PUT /wandb-production.appspot.com/gaoyuqi/SRFBN/149pgkmp/config.yaml?Expires=1616726833&GoogleAccessId=wandb-production%40appspot.gserviceaccount.com&Signature=sgz5UDfgeZdLxRG3%2FcR7Yja0Y27Ro0h1LOgTm6m5E3qc%2F7IoXXija5Kq5WitwFyoJfMd7dqyC7jP%2F8wmrrW3m8myFPeSOWYC5wmp62MB19PZVIIdwujfB%2B3q8MqZcN%2FL0SJc9f9bKIxtncWd2z6X7gyYTi5xYuEBplUYysekUqfG966aCqe%2BKm5GReXVchoDhr3lLJ%2FKnrdKPoYRnjcFhGvfOlOrn1E993fMx057LL9hXrUKP4U14ls06s3mvCKy5xqCDqymwRvlRm7tD7S6tyC7zq8jIgmvDKXAdIWRTzX8KT9W7znuxfAYA75yiXqj7Bep4sWOvvatptgSFlF9RQ%3D%3D HTTP/1.1" 200 0
2021-03-25 02:48:42,556 INFO    Thread-14 :20167 [upload_job.py:push():133] Uploaded file /home/gyq/share/gyq/program/SRFBN_CVPR19_fix_2/wandb/run-20210325_024612-149pgkmp/files/output.log
2021-03-25 02:48:42,556 INFO    Thread-12 :20167 [upload_job.py:push():133] Uploaded file /home/gyq/share/gyq/program/SRFBN_CVPR19_fix_2/wandb/run-20210325_024612-149pgkmp/files/config.yaml
2021-03-25 02:48:43,136 INFO    MainThread:20167 [internal.py:handle_exit():139] Internal process exited
