2021-03-25 02:43:07,203 INFO    MainThread:15561 [internal.py:wandb_internal():64] W&B internal server running at pid: 15561
2021-03-25 02:43:07,205 INFO    WriterThread:15561 [datastore.py:open_for_write():77] open: /home/gyq/share/gyq/program/SRFBN_CVPR19_fix_2/wandb/run-20210325_024306-howcuaaw/run-howcuaaw.wandb
2021-03-25 02:43:07,206 DEBUG   HandlerThread:15561 [handler.py:handle_request():55] handle_request: check_version
2021-03-25 02:43:07,207 DEBUG   SenderThread:15561 [sender.py:send():117] send: header
2021-03-25 02:43:07,208 DEBUG   SenderThread:15561 [sender.py:send():117] send: request
2021-03-25 02:43:07,208 DEBUG   SenderThread:15561 [sender.py:send_request():126] send_request: check_version
2021-03-25 02:43:07,212 DEBUG   Thread-4  :15561 [connectionpool.py:_new_conn():975] Starting new HTTPS connection (1): pypi.org:443
2021-03-25 02:43:12,210 DEBUG   SenderThread:15561 [sender.py:send():117] send: run
2021-03-25 02:43:12,214 DEBUG   SenderThread:15561 [git.py:repo():33] git repository is invalid
2021-03-25 02:43:12,220 DEBUG   SenderThread:15561 [connectionpool.py:_new_conn():975] Starting new HTTPS connection (1): api.wandb.ai:443
2021-03-25 02:43:23,435 DEBUG   SenderThread:15561 [connectionpool.py:_new_conn():975] Starting new HTTPS connection (1): api.wandb.ai:443
2021-03-25 02:43:35,871 DEBUG   SenderThread:15561 [connectionpool.py:_new_conn():975] Starting new HTTPS connection (1): api.wandb.ai:443
2021-03-25 02:43:36,537 DEBUG   SenderThread:15561 [connectionpool.py:_make_request():461] https://api.wandb.ai:443 "POST /graphql HTTP/1.1" 200 None
2021-03-25 02:43:36,546 INFO    SenderThread:15561 [dir_watcher.py:__init__():165] watching files in: /home/gyq/share/gyq/program/SRFBN_CVPR19_fix_2/wandb/run-20210325_024306-howcuaaw/files
2021-03-25 02:43:36,549 INFO    SenderThread:15561 [sender.py:_start_run_threads():596] run started: howcuaaw with start time 1616640186
2021-03-25 02:43:36,549 DEBUG   HandlerThread:15561 [handler.py:handle_request():55] handle_request: run_start
2021-03-25 02:43:36,549 DEBUG   SenderThread:15561 [sender.py:send():117] send: summary
2021-03-25 02:43:36,551 INFO    SenderThread:15561 [sender.py:_save_file():682] saving file wandb-summary.json with policy end
2021-03-25 02:43:36,555 DEBUG   HandlerThread:15561 [meta.py:__init__():34] meta init
2021-03-25 02:43:36,555 DEBUG   HandlerThread:15561 [meta.py:__init__():48] meta init done
2021-03-25 02:43:36,555 DEBUG   HandlerThread:15561 [meta.py:probe():190] probe
2021-03-25 02:43:36,562 DEBUG   HandlerThread:15561 [git.py:repo():33] git repository is invalid
2021-03-25 02:43:36,562 DEBUG   HandlerThread:15561 [meta.py:_save_pip():52] save pip
2021-03-25 02:43:36,562 DEBUG   HandlerThread:15561 [meta.py:_save_pip():66] save pip done
2021-03-25 02:43:36,562 DEBUG   HandlerThread:15561 [meta.py:probe():231] probe done
2021-03-25 02:43:37,048 DEBUG   SenderThread:15561 [sender.py:send():117] send: files
2021-03-25 02:43:37,049 INFO    SenderThread:15561 [sender.py:_save_file():682] saving file wandb-metadata.json with policy now
2021-03-25 02:43:37,055 DEBUG   HandlerThread:15561 [handler.py:handle_request():55] handle_request: status
2021-03-25 02:43:37,056 DEBUG   Thread-11 :15561 [connectionpool.py:_new_conn():975] Starting new HTTPS connection (1): api.wandb.ai:443
2021-03-25 02:43:37,056 DEBUG   SenderThread:15561 [sender.py:send():117] send: request
2021-03-25 02:43:37,056 DEBUG   SenderThread:15561 [sender.py:send_request():126] send_request: status
2021-03-25 02:43:37,059 DEBUG   SenderThread:15561 [connectionpool.py:_new_conn():975] Starting new HTTPS connection (1): api.wandb.ai:443
2021-03-25 02:43:37,550 INFO    Thread-8  :15561 [dir_watcher.py:_on_file_created():213] file/dir created: /home/gyq/share/gyq/program/SRFBN_CVPR19_fix_2/wandb/run-20210325_024306-howcuaaw/files/requirements.txt
2021-03-25 02:43:37,551 INFO    Thread-8  :15561 [dir_watcher.py:_on_file_created():213] file/dir created: /home/gyq/share/gyq/program/SRFBN_CVPR19_fix_2/wandb/run-20210325_024306-howcuaaw/files/output.log
2021-03-25 02:43:37,551 INFO    Thread-8  :15561 [dir_watcher.py:_on_file_created():213] file/dir created: /home/gyq/share/gyq/program/SRFBN_CVPR19_fix_2/wandb/run-20210325_024306-howcuaaw/files/wandb-metadata.json
2021-03-25 02:43:37,551 INFO    Thread-8  :15561 [dir_watcher.py:_on_file_created():213] file/dir created: /home/gyq/share/gyq/program/SRFBN_CVPR19_fix_2/wandb/run-20210325_024306-howcuaaw/files/wandb-summary.json
2021-03-25 02:43:37,654 DEBUG   Thread-11 :15561 [connectionpool.py:_make_request():461] https://api.wandb.ai:443 "POST /graphql HTTP/1.1" 200 None
2021-03-25 02:43:37,661 DEBUG   Thread-11 :15561 [connectionpool.py:_new_conn():975] Starting new HTTPS connection (1): storage.googleapis.com:443
2021-03-25 02:43:38,141 DEBUG   Thread-11 :15561 [connectionpool.py:_make_request():461] https://storage.googleapis.com:443 "PUT /wandb-production.appspot.com/gaoyuqi/SRFBN/howcuaaw/wandb-metadata.json?Expires=1616726658&GoogleAccessId=wandb-production%40appspot.gserviceaccount.com&Signature=foXSkvqnMqNZhvAJ6xvLDe7QNe16BL4ArKKRpjkbFuyYmPF0BYHx0hnReNl9jhegsFFpO8K22GdWQbYhNvByi6ruyVxn0EpRMbiVsWVMQ32IgaUPpdYHhiNu3qx5x5GpiGUzx84ZKFKkIaXQLsG0YO66Butq%2FkU6hBZQkuCF3z8kA8mCNbiRP8rUFHNKvjPwi7Uu2jQTarhK%2BlCikVeUk1zvomT3t%2B72euqmzDuKp0suNveJTDBXiGIQETW3sWNodadMHOrpQyGEb51NardtDDDoeJE%2BAp5TwamBpmicxUbNopXaP%2B2D9p6S9oz1mNR9HYMXxn8OaGLSi%2FkZpMgrnA%3D%3D HTTP/1.1" 200 0
2021-03-25 02:43:38,144 INFO    Thread-11 :15561 [upload_job.py:push():133] Uploaded file /tmp/tmp25wwbhttwandb/2pe7ngkz-wandb-metadata.json
2021-03-25 02:43:38,553 DEBUG   Thread-5  :15561 [connectionpool.py:_new_conn():975] Starting new HTTPS connection (1): api.wandb.ai:443
2021-03-25 02:43:39,138 DEBUG   Thread-5  :15561 [connectionpool.py:_make_request():461] https://api.wandb.ai:443 "POST /files/gaoyuqi/SRFBN/howcuaaw/file_stream HTTP/1.1" 200 None
2021-03-25 02:43:41,549 INFO    Thread-8  :15561 [dir_watcher.py:_on_file_modified():226] file/dir modified: /home/gyq/share/gyq/program/SRFBN_CVPR19_fix_2/wandb/run-20210325_024306-howcuaaw/files/output.log
2021-03-25 02:43:42,956 DEBUG   SenderThread:15561 [connectionpool.py:_make_request():461] https://api.wandb.ai:443 "POST /graphql HTTP/1.1" 200 None
2021-03-25 02:43:42,959 DEBUG   SenderThread:15561 [sender.py:send():117] send: stats
2021-03-25 02:43:43,232 DEBUG   Thread-5  :15561 [connectionpool.py:_make_request():461] https://api.wandb.ai:443 "POST /files/gaoyuqi/SRFBN/howcuaaw/file_stream HTTP/1.1" 200 None
2021-03-25 02:43:44,468 DEBUG   SenderThread:15561 [sender.py:send():117] send: stats
2021-03-25 02:43:46,740 DEBUG   Thread-5  :15561 [connectionpool.py:_make_request():461] https://api.wandb.ai:443 "POST /files/gaoyuqi/SRFBN/howcuaaw/file_stream HTTP/1.1" 200 None
2021-03-25 02:43:48,971 DEBUG   SenderThread:15561 [sender.py:send():117] send: stats
2021-03-25 02:43:49,354 DEBUG   Thread-5  :15561 [connectionpool.py:_make_request():461] https://api.wandb.ai:443 "POST /files/gaoyuqi/SRFBN/howcuaaw/file_stream HTTP/1.1" 200 None
2021-03-25 02:43:53,479 DEBUG   SenderThread:15561 [sender.py:send():117] send: stats
2021-03-25 02:43:53,735 DEBUG   Thread-5  :15561 [connectionpool.py:_make_request():461] https://api.wandb.ai:443 "POST /files/gaoyuqi/SRFBN/howcuaaw/file_stream HTTP/1.1" 200 None
2021-03-25 02:43:57,972 DEBUG   HandlerThread:15561 [handler.py:handle_request():55] handle_request: status
2021-03-25 02:43:57,972 DEBUG   SenderThread:15561 [sender.py:send():117] send: request
2021-03-25 02:43:57,972 DEBUG   SenderThread:15561 [sender.py:send_request():126] send_request: status
2021-03-25 02:43:57,975 DEBUG   SenderThread:15561 [connectionpool.py:_new_conn():975] Starting new HTTPS connection (1): api.wandb.ai:443
2021-03-25 02:43:58,070 DEBUG   Thread-5  :15561 [connectionpool.py:_make_request():461] https://api.wandb.ai:443 "POST /files/gaoyuqi/SRFBN/howcuaaw/file_stream HTTP/1.1" 200 None
2021-03-25 02:43:58,549 DEBUG   SenderThread:15561 [connectionpool.py:_make_request():461] https://api.wandb.ai:443 "POST /graphql HTTP/1.1" 200 None
2021-03-25 02:43:58,551 DEBUG   SenderThread:15561 [sender.py:send():117] send: stats
2021-03-25 02:43:58,558 INFO    Thread-8  :15561 [dir_watcher.py:_on_file_modified():226] file/dir modified: /home/gyq/share/gyq/program/SRFBN_CVPR19_fix_2/wandb/run-20210325_024306-howcuaaw/files/output.log
2021-03-25 02:44:01,052 DEBUG   Thread-5  :15561 [connectionpool.py:_make_request():461] https://api.wandb.ai:443 "POST /files/gaoyuqi/SRFBN/howcuaaw/file_stream HTTP/1.1" 200 None
2021-03-25 02:44:02,501 DEBUG   SenderThread:15561 [sender.py:send():117] send: stats
2021-03-25 02:44:04,777 DEBUG   Thread-5  :15561 [connectionpool.py:_make_request():461] https://api.wandb.ai:443 "POST /files/gaoyuqi/SRFBN/howcuaaw/file_stream HTTP/1.1" 200 None
2021-03-25 02:44:07,006 DEBUG   SenderThread:15561 [sender.py:send():117] send: stats
2021-03-25 02:44:11,516 DEBUG   SenderThread:15561 [sender.py:send():117] send: stats
2021-03-25 02:44:13,553 DEBUG   HandlerThread:15561 [handler.py:handle_request():55] handle_request: status
2021-03-25 02:44:13,553 DEBUG   SenderThread:15561 [sender.py:send():117] send: request
2021-03-25 02:44:13,553 DEBUG   SenderThread:15561 [sender.py:send_request():126] send_request: status
2021-03-25 02:44:13,557 DEBUG   SenderThread:15561 [connectionpool.py:_new_conn():975] Starting new HTTPS connection (1): api.wandb.ai:443
2021-03-25 02:44:14,136 DEBUG   SenderThread:15561 [connectionpool.py:_make_request():461] https://api.wandb.ai:443 "POST /graphql HTTP/1.1" 200 None
2021-03-25 02:44:16,027 DEBUG   SenderThread:15561 [sender.py:send():117] send: stats
2021-03-25 02:44:16,290 DEBUG   Thread-5  :15561 [connectionpool.py:_make_request():461] https://api.wandb.ai:443 "POST /files/gaoyuqi/SRFBN/howcuaaw/file_stream HTTP/1.1" 200 None
2021-03-25 02:44:20,532 DEBUG   SenderThread:15561 [sender.py:send():117] send: stats
2021-03-25 02:44:25,036 DEBUG   SenderThread:15561 [sender.py:send():117] send: stats
2021-03-25 02:44:29,139 DEBUG   HandlerThread:15561 [handler.py:handle_request():55] handle_request: status
2021-03-25 02:44:29,140 DEBUG   SenderThread:15561 [sender.py:send():117] send: request
2021-03-25 02:44:29,140 DEBUG   SenderThread:15561 [sender.py:send_request():126] send_request: status
2021-03-25 02:44:29,145 DEBUG   SenderThread:15561 [connectionpool.py:_new_conn():975] Starting new HTTPS connection (1): api.wandb.ai:443
2021-03-25 02:44:29,922 DEBUG   SenderThread:15561 [connectionpool.py:_make_request():461] https://api.wandb.ai:443 "POST /graphql HTTP/1.1" 200 None
2021-03-25 02:44:29,925 DEBUG   SenderThread:15561 [sender.py:send():117] send: stats
2021-03-25 02:44:30,203 DEBUG   Thread-5  :15561 [connectionpool.py:_make_request():461] https://api.wandb.ai:443 "POST /files/gaoyuqi/SRFBN/howcuaaw/file_stream HTTP/1.1" 200 None
2021-03-25 02:44:34,052 DEBUG   SenderThread:15561 [sender.py:send():117] send: stats
2021-03-25 02:44:38,556 DEBUG   SenderThread:15561 [sender.py:send():117] send: stats
2021-03-25 02:44:42,053 DEBUG   SenderThread:15561 [sender.py:send():117] send: telemetry
2021-03-25 02:44:42,059 DEBUG   SenderThread:15561 [connectionpool.py:_new_conn():975] Starting new HTTPS connection (1): api.wandb.ai:443
2021-03-25 02:44:42,060 DEBUG   HandlerThread:15561 [handler.py:handle_request():55] handle_request: poll_exit
2021-03-25 02:44:42,285 DEBUG   Thread-5  :15561 [connectionpool.py:_make_request():461] https://api.wandb.ai:443 "POST /files/gaoyuqi/SRFBN/howcuaaw/file_stream HTTP/1.1" 200 None
2021-03-25 02:44:42,576 INFO    Thread-8  :15561 [dir_watcher.py:_on_file_modified():226] file/dir modified: /home/gyq/share/gyq/program/SRFBN_CVPR19_fix_2/wandb/run-20210325_024306-howcuaaw/files/output.log
2021-03-25 02:44:42,657 DEBUG   SenderThread:15561 [connectionpool.py:_make_request():461] https://api.wandb.ai:443 "POST /graphql HTTP/1.1" 200 None
2021-03-25 02:44:42,664 DEBUG   SenderThread:15561 [sender.py:send():117] send: exit
2021-03-25 02:44:42,664 INFO    SenderThread:15561 [sender.py:send_exit():195] handling exit code: 1
2021-03-25 02:44:42,664 INFO    SenderThread:15561 [sender.py:send_exit():203] send defer
2021-03-25 02:44:42,665 DEBUG   SenderThread:15561 [sender.py:send():117] send: request
2021-03-25 02:44:42,665 DEBUG   SenderThread:15561 [sender.py:send_request():126] send_request: poll_exit
2021-03-25 02:44:42,665 DEBUG   HandlerThread:15561 [handler.py:handle_request():55] handle_request: defer
2021-03-25 02:44:42,666 INFO    HandlerThread:15561 [handler.py:handle_request_defer():69] handle defer: 0
2021-03-25 02:44:42,666 DEBUG   SenderThread:15561 [sender.py:send():117] send: request
2021-03-25 02:44:42,666 DEBUG   SenderThread:15561 [sender.py:send_request():126] send_request: defer
2021-03-25 02:44:42,666 INFO    SenderThread:15561 [sender.py:send_request_defer():212] handle sender defer: 0
2021-03-25 02:44:42,667 INFO    SenderThread:15561 [sender.py:send_request_defer():248] send defer: 1
2021-03-25 02:44:42,667 DEBUG   HandlerThread:15561 [handler.py:handle_request():55] handle_request: defer
2021-03-25 02:44:42,667 INFO    HandlerThread:15561 [handler.py:handle_request_defer():69] handle defer: 1
2021-03-25 02:44:42,748 DEBUG   SenderThread:15561 [sender.py:send():117] send: request
2021-03-25 02:44:42,748 DEBUG   SenderThread:15561 [sender.py:send_request():126] send_request: defer
2021-03-25 02:44:42,749 INFO    SenderThread:15561 [sender.py:send_request_defer():212] handle sender defer: 1
2021-03-25 02:44:42,749 INFO    SenderThread:15561 [sender.py:send_request_defer():248] send defer: 2
2021-03-25 02:44:42,749 DEBUG   SenderThread:15561 [sender.py:send():117] send: stats
2021-03-25 02:44:42,750 DEBUG   HandlerThread:15561 [handler.py:handle_request():55] handle_request: defer
2021-03-25 02:44:42,750 INFO    HandlerThread:15561 [handler.py:handle_request_defer():69] handle defer: 2
2021-03-25 02:44:42,750 DEBUG   SenderThread:15561 [sender.py:send():117] send: request
2021-03-25 02:44:42,750 DEBUG   SenderThread:15561 [sender.py:send_request():126] send_request: defer
2021-03-25 02:44:42,751 INFO    SenderThread:15561 [sender.py:send_request_defer():212] handle sender defer: 2
2021-03-25 02:44:42,751 INFO    SenderThread:15561 [sender.py:send_request_defer():248] send defer: 3
2021-03-25 02:44:42,751 DEBUG   HandlerThread:15561 [handler.py:handle_request():55] handle_request: defer
2021-03-25 02:44:42,751 INFO    HandlerThread:15561 [handler.py:handle_request_defer():69] handle defer: 3
2021-03-25 02:44:42,751 DEBUG   SenderThread:15561 [sender.py:send():117] send: summary
2021-03-25 02:44:42,752 INFO    SenderThread:15561 [sender.py:_save_file():682] saving file wandb-summary.json with policy end
2021-03-25 02:44:42,753 DEBUG   SenderThread:15561 [sender.py:send():117] send: request
2021-03-25 02:44:42,753 DEBUG   SenderThread:15561 [sender.py:send_request():126] send_request: defer
2021-03-25 02:44:42,753 INFO    SenderThread:15561 [sender.py:send_request_defer():212] handle sender defer: 3
2021-03-25 02:44:42,753 INFO    SenderThread:15561 [sender.py:send_request_defer():248] send defer: 4
2021-03-25 02:44:42,754 DEBUG   HandlerThread:15561 [handler.py:handle_request():55] handle_request: defer
2021-03-25 02:44:42,754 INFO    HandlerThread:15561 [handler.py:handle_request_defer():69] handle defer: 4
2021-03-25 02:44:42,754 DEBUG   SenderThread:15561 [sender.py:send():117] send: request
2021-03-25 02:44:42,754 DEBUG   SenderThread:15561 [sender.py:send_request():126] send_request: defer
2021-03-25 02:44:42,754 INFO    SenderThread:15561 [sender.py:send_request_defer():212] handle sender defer: 4
2021-03-25 02:44:42,754 INFO    SenderThread:15561 [dir_watcher.py:finish():279] shutting down directory watcher
2021-03-25 02:44:43,577 INFO    Thread-8  :15561 [dir_watcher.py:_on_file_modified():226] file/dir modified: /home/gyq/share/gyq/program/SRFBN_CVPR19_fix_2/wandb/run-20210325_024306-howcuaaw/files/config.yaml
2021-03-25 02:44:43,578 INFO    SenderThread:15561 [dir_watcher.py:_on_file_modified():226] file/dir modified: /home/gyq/share/gyq/program/SRFBN_CVPR19_fix_2/wandb/run-20210325_024306-howcuaaw/files/wandb-summary.json
2021-03-25 02:44:43,578 INFO    SenderThread:15561 [dir_watcher.py:finish():309] scan: /home/gyq/share/gyq/program/SRFBN_CVPR19_fix_2/wandb/run-20210325_024306-howcuaaw/files
2021-03-25 02:44:43,579 INFO    SenderThread:15561 [dir_watcher.py:finish():315] scan save: /home/gyq/share/gyq/program/SRFBN_CVPR19_fix_2/wandb/run-20210325_024306-howcuaaw/files/config.yaml config.yaml
2021-03-25 02:44:43,579 INFO    SenderThread:15561 [dir_watcher.py:finish():315] scan save: /home/gyq/share/gyq/program/SRFBN_CVPR19_fix_2/wandb/run-20210325_024306-howcuaaw/files/wandb-metadata.json wandb-metadata.json
2021-03-25 02:44:43,579 INFO    SenderThread:15561 [dir_watcher.py:finish():315] scan save: /home/gyq/share/gyq/program/SRFBN_CVPR19_fix_2/wandb/run-20210325_024306-howcuaaw/files/requirements.txt requirements.txt
2021-03-25 02:44:43,586 DEBUG   Thread-12 :15561 [connectionpool.py:_new_conn():975] Starting new HTTPS connection (1): api.wandb.ai:443
2021-03-25 02:44:43,586 INFO    SenderThread:15561 [dir_watcher.py:finish():315] scan save: /home/gyq/share/gyq/program/SRFBN_CVPR19_fix_2/wandb/run-20210325_024306-howcuaaw/files/output.log output.log
2021-03-25 02:44:43,587 INFO    SenderThread:15561 [dir_watcher.py:finish():315] scan save: /home/gyq/share/gyq/program/SRFBN_CVPR19_fix_2/wandb/run-20210325_024306-howcuaaw/files/wandb-summary.json wandb-summary.json
2021-03-25 02:44:43,593 DEBUG   Thread-13 :15561 [connectionpool.py:_new_conn():975] Starting new HTTPS connection (1): api.wandb.ai:443
2021-03-25 02:44:43,598 DEBUG   Thread-14 :15561 [connectionpool.py:_new_conn():975] Starting new HTTPS connection (1): api.wandb.ai:443
2021-03-25 02:44:43,598 INFO    SenderThread:15561 [sender.py:send_request_defer():248] send defer: 5
2021-03-25 02:44:43,605 DEBUG   Thread-15 :15561 [connectionpool.py:_new_conn():975] Starting new HTTPS connection (1): api.wandb.ai:443
2021-03-25 02:44:43,605 DEBUG   HandlerThread:15561 [handler.py:handle_request():55] handle_request: defer
2021-03-25 02:44:43,606 INFO    HandlerThread:15561 [handler.py:handle_request_defer():69] handle defer: 5
2021-03-25 02:44:43,606 DEBUG   SenderThread:15561 [sender.py:send():117] send: request
2021-03-25 02:44:43,606 DEBUG   SenderThread:15561 [sender.py:send_request():126] send_request: defer
2021-03-25 02:44:43,606 INFO    SenderThread:15561 [sender.py:send_request_defer():212] handle sender defer: 5
2021-03-25 02:44:43,606 INFO    SenderThread:15561 [file_pusher.py:finish():174] shutting down file pusher
2021-03-25 02:44:43,606 INFO    SenderThread:15561 [sender.py:send_request_defer():248] send defer: 6
2021-03-25 02:44:43,607 DEBUG   HandlerThread:15561 [handler.py:handle_request():55] handle_request: defer
2021-03-25 02:44:43,607 INFO    HandlerThread:15561 [handler.py:handle_request_defer():69] handle defer: 6
2021-03-25 02:44:43,607 DEBUG   SenderThread:15561 [sender.py:send():117] send: request
2021-03-25 02:44:43,608 DEBUG   SenderThread:15561 [sender.py:send_request():126] send_request: defer
2021-03-25 02:44:43,608 INFO    SenderThread:15561 [sender.py:send_request_defer():212] handle sender defer: 6
2021-03-25 02:44:43,876 DEBUG   Thread-5  :15561 [connectionpool.py:_make_request():461] https://api.wandb.ai:443 "POST /files/gaoyuqi/SRFBN/howcuaaw/file_stream HTTP/1.1" 200 None
2021-03-25 02:44:44,119 DEBUG   Thread-5  :15561 [connectionpool.py:_make_request():461] https://api.wandb.ai:443 "POST /files/gaoyuqi/SRFBN/howcuaaw/file_stream HTTP/1.1" 200 None
2021-03-25 02:44:44,121 INFO    SenderThread:15561 [sender.py:send_request_defer():248] send defer: 7
2021-03-25 02:44:44,122 DEBUG   HandlerThread:15561 [handler.py:handle_request():55] handle_request: defer
2021-03-25 02:44:44,122 INFO    HandlerThread:15561 [handler.py:handle_request_defer():69] handle defer: 7
2021-03-25 02:44:44,123 DEBUG   SenderThread:15561 [sender.py:send():117] send: request
2021-03-25 02:44:44,123 DEBUG   SenderThread:15561 [sender.py:send_request():126] send_request: defer
2021-03-25 02:44:44,123 INFO    SenderThread:15561 [sender.py:send_request_defer():212] handle sender defer: 7
2021-03-25 02:44:44,123 INFO    SenderThread:15561 [sender.py:send_request_defer():248] send defer: 8
2021-03-25 02:44:44,124 DEBUG   SenderThread:15561 [sender.py:send():117] send: final
2021-03-25 02:44:44,125 DEBUG   SenderThread:15561 [sender.py:send():117] send: footer
2021-03-25 02:44:44,125 DEBUG   HandlerThread:15561 [handler.py:handle_request():55] handle_request: defer
2021-03-25 02:44:44,125 INFO    HandlerThread:15561 [handler.py:handle_request_defer():69] handle defer: 8
2021-03-25 02:44:44,126 DEBUG   SenderThread:15561 [sender.py:send():117] send: request
2021-03-25 02:44:44,126 DEBUG   SenderThread:15561 [sender.py:send_request():126] send_request: defer
2021-03-25 02:44:44,126 INFO    SenderThread:15561 [sender.py:send_request_defer():212] handle sender defer: 8
2021-03-25 02:44:44,177 DEBUG   Thread-12 :15561 [connectionpool.py:_make_request():461] https://api.wandb.ai:443 "POST /graphql HTTP/1.1" 200 None
2021-03-25 02:44:44,185 DEBUG   Thread-12 :15561 [connectionpool.py:_new_conn():975] Starting new HTTPS connection (1): storage.googleapis.com:443
2021-03-25 02:44:44,186 DEBUG   Thread-13 :15561 [connectionpool.py:_make_request():461] https://api.wandb.ai:443 "POST /graphql HTTP/1.1" 200 None
2021-03-25 02:44:44,189 DEBUG   Thread-14 :15561 [connectionpool.py:_make_request():461] https://api.wandb.ai:443 "POST /graphql HTTP/1.1" 200 None
2021-03-25 02:44:44,196 DEBUG   Thread-13 :15561 [connectionpool.py:_new_conn():975] Starting new HTTPS connection (1): storage.googleapis.com:443
2021-03-25 02:44:44,197 DEBUG   Thread-15 :15561 [connectionpool.py:_make_request():461] https://api.wandb.ai:443 "POST /graphql HTTP/1.1" 200 None
2021-03-25 02:44:44,200 DEBUG   Thread-14 :15561 [connectionpool.py:_new_conn():975] Starting new HTTPS connection (1): storage.googleapis.com:443
2021-03-25 02:44:44,205 DEBUG   Thread-15 :15561 [connectionpool.py:_new_conn():975] Starting new HTTPS connection (1): storage.googleapis.com:443
2021-03-25 02:44:44,668 DEBUG   HandlerThread:15561 [handler.py:handle_request():55] handle_request: poll_exit
2021-03-25 02:44:44,669 DEBUG   SenderThread:15561 [sender.py:send():117] send: request
2021-03-25 02:44:44,669 DEBUG   SenderThread:15561 [sender.py:send_request():126] send_request: poll_exit
2021-03-25 02:44:44,716 DEBUG   Thread-15 :15561 [connectionpool.py:_make_request():461] https://storage.googleapis.com:443 "PUT /wandb-production.appspot.com/gaoyuqi/SRFBN/howcuaaw/wandb-summary.json?Expires=1616726724&GoogleAccessId=wandb-production%40appspot.gserviceaccount.com&Signature=jf09FjZoA8tIH5xnIBUuCnmpeuz%2BPSwTn%2BtUi%2Br1ABB6G1QXujfpaR5TfSMiiTrLvBea2zedJ%2BhH1aYLzRZpsg7aQ8ZfX9d8vmC2PEDaSn4CDawmSA3bdwbO9kwxbQw8%2Bnr1BZO04keAhAo9FTZTpAZRmjOoVnimyUA2ef5VU2ZRhRCad3kLXOtlCZwA8muyrv9ozbDw4eNTnjRznjj08aSzbPLAPeLiNUxxCC%2BvVr3Wwym8Q2WowydHkY0bJ8tH9IW4TU23S%2FUJnCli3ijvfKTlxbplaLPdiMtN4QQwANTyCeBmDjpcOkukYug9kg73jlmCrULu7yHAOQcCdUwHfg%3D%3D HTTP/1.1" 200 0
2021-03-25 02:44:44,719 INFO    Thread-15 :15561 [upload_job.py:push():133] Uploaded file /home/gyq/share/gyq/program/SRFBN_CVPR19_fix_2/wandb/run-20210325_024306-howcuaaw/files/wandb-summary.json
2021-03-25 02:44:44,729 DEBUG   Thread-12 :15561 [connectionpool.py:_make_request():461] https://storage.googleapis.com:443 "PUT /wandb-production.appspot.com/gaoyuqi/SRFBN/howcuaaw/config.yaml?Expires=1616726724&GoogleAccessId=wandb-production%40appspot.gserviceaccount.com&Signature=JhvSdiQg%2FyZAV5h53H4KZtxtdK%2Fp0rrM4ozVZVuA8dxIMfYQ6NarRjVQje2eOkZvSG6JlEDni0IpG3VqNWBkLhvA%2FLKleibKJOG4sZ082AaHUNAj2oWc93Sbozhf%2Fn%2FFtLljn%2FqD%2BVCiwO%2FP4G8ZioWga2uNR1%2F2UNRqYV8%2Bc1xMdARA%2FA81RYr8KSk1c31uxp8PAy7uaj9%2BKJODHgTiC4YzNYgiCTsT56haY%2FjbI3j97CI5Fm0tVgeyYiXe6MWiUllY2nctlVhA8Q53q7kuXaRuFaQHhT9A3%2FGt2hpEisTXH1u%2Btmam0Pheoz1xNal0vLlhNa6QGG7jPkxvRJ%2FG7g%3D%3D HTTP/1.1" 200 0
2021-03-25 02:44:44,731 INFO    Thread-12 :15561 [upload_job.py:push():133] Uploaded file /home/gyq/share/gyq/program/SRFBN_CVPR19_fix_2/wandb/run-20210325_024306-howcuaaw/files/config.yaml
2021-03-25 02:44:44,748 DEBUG   Thread-13 :15561 [connectionpool.py:_make_request():461] https://storage.googleapis.com:443 "PUT /wandb-production.appspot.com/gaoyuqi/SRFBN/howcuaaw/requirements.txt?Expires=1616726724&GoogleAccessId=wandb-production%40appspot.gserviceaccount.com&Signature=V2kHPzqESIs8f2zFxoAVjhVCnXnIGnx%2FU0TSxVlEc%2BfgyoWYmhpvU5q2nyzgaPTzXV0oBCRu3uyZdDcHIB5%2FvRPBM3lGSYTtCn8RUMQCtNJ6so7jnMp3nkiy4SwR9G8iL99syzJDg65ayptcrKLQiUlu2yNMKpxvwKeBGA6MC304TKxMbmOFLfDvxg3Slf5F%2F1I9iU1fQEbxkhe7V4FhPe%2FedQ9X41hlu2LCndvPpBwikiyBzDu9c%2FgzLU5c1qEdfA4FH3PadqcWObZPF2o2XHT4GkWgEmPFQiHdiFhyfNolXMNnR4zFDLDz%2BUMFFQYUP5WIQsYahs7hzawDIjQ%2BCA%3D%3D HTTP/1.1" 200 0
2021-03-25 02:44:44,750 INFO    Thread-13 :15561 [upload_job.py:push():133] Uploaded file /home/gyq/share/gyq/program/SRFBN_CVPR19_fix_2/wandb/run-20210325_024306-howcuaaw/files/requirements.txt
2021-03-25 02:44:44,808 DEBUG   Thread-14 :15561 [connectionpool.py:_make_request():461] https://storage.googleapis.com:443 "PUT /wandb-production.appspot.com/gaoyuqi/SRFBN/howcuaaw/output.log?Expires=1616726724&GoogleAccessId=wandb-production%40appspot.gserviceaccount.com&Signature=fzO%2F3oVh9HqvzBVrV0Z7SY6nTgOEb9MZoYlQJko2C1odqpGLnb%2BSQGY3d3FbboUo9aZXXO51kSlzt6Sg8fJBGKoHE8Hmjf3vG2i4gJtChXbCtcaQjve6rLGGy31nZNkTo4UTukAaEtOk73QYnnZtU9YbjlDFlYYhPj%2FGZNGGdqMPsdZ86ps5J6aOTJWcLSNEnjDXcU2mr2bv7fekli5w53iBojxK5NU8dzEBGNAn7Hhx%2FLI5tLfE1nOfx%2BP9A28%2BJ%2FZSqRergNXBp0Iq6Z3%2B0qrl1xrwo2XNlsG%2Biyrs9DfiAmChp3p8NcG%2BI4lv2tsmqzpyGSwixp6wg7YCy8W6Yg%3D%3D HTTP/1.1" 200 0
2021-03-25 02:44:44,811 INFO    Thread-14 :15561 [upload_job.py:push():133] Uploaded file /home/gyq/share/gyq/program/SRFBN_CVPR19_fix_2/wandb/run-20210325_024306-howcuaaw/files/output.log
2021-03-25 02:44:46,673 DEBUG   HandlerThread:15561 [handler.py:handle_request():55] handle_request: poll_exit
2021-03-25 02:44:46,673 DEBUG   SenderThread:15561 [sender.py:send():117] send: request
2021-03-25 02:44:46,674 DEBUG   SenderThread:15561 [sender.py:send_request():126] send_request: poll_exit
2021-03-25 02:44:46,674 INFO    SenderThread:15561 [file_pusher.py:join():179] waiting for file pusher
2021-03-25 02:44:46,675 DEBUG   HandlerThread:15561 [handler.py:handle_request():55] handle_request: get_summary
2021-03-25 02:44:46,677 DEBUG   HandlerThread:15561 [handler.py:handle_request():55] handle_request: sampled_history
2021-03-25 02:44:46,678 DEBUG   HandlerThread:15561 [handler.py:handle_request():55] handle_request: shutdown
2021-03-25 02:44:46,678 INFO    HandlerThread:15561 [handler.py:finish():274] shutting down handler
2021-03-25 02:44:47,125 INFO    WriterThread:15561 [datastore.py:close():258] close: /home/gyq/share/gyq/program/SRFBN_CVPR19_fix_2/wandb/run-20210325_024306-howcuaaw/run-howcuaaw.wandb
2021-03-25 02:44:47,674 INFO    SenderThread:15561 [sender.py:finish():756] shutting down sender
2021-03-25 02:44:47,674 INFO    SenderThread:15561 [file_pusher.py:finish():174] shutting down file pusher
2021-03-25 02:44:47,675 INFO    SenderThread:15561 [file_pusher.py:join():179] waiting for file pusher
2021-03-25 02:44:47,676 INFO    MainThread:15561 [internal.py:handle_exit():139] Internal process exited
