2021-03-25 02:49:19,172 INFO    MainThread:24797 [wandb_setup.py:_flush():70] setting env: {}
2021-03-25 02:49:19,172 INFO    MainThread:24797 [wandb_setup.py:_flush():70] multiprocessing start_methods=fork,spawn,forkserver
2021-03-25 02:49:19,172 INFO    MainThread:24797 [wandb_setup.py:_flush():70] setting login settings: {}
2021-03-25 02:49:19,173 INFO    MainThread:24797 [wandb_init.py:_log_setup():318] Logging user logs to /home/gyq/share/gyq/program/SRFBN_CVPR19_fix_2/wandb/run-20210325_024919-3oi2csai/logs/debug.log
2021-03-25 02:49:19,173 INFO    MainThread:24797 [wandb_init.py:_log_setup():319] Logging internal logs to /home/gyq/share/gyq/program/SRFBN_CVPR19_fix_2/wandb/run-20210325_024919-3oi2csai/logs/debug-internal.log
2021-03-25 02:49:26,850 INFO    MainThread:24797 [wandb_run.py:_console_start():1396] atexit reg
2021-03-25 02:49:26,851 INFO    MainThread:24797 [wandb_run.py:_redirect():1259] redirect: SettingsConsole.REDIRECT
2021-03-25 02:49:26,851 INFO    MainThread:24797 [wandb_run.py:_redirect():1264] Redirecting console.
2021-03-25 02:49:26,852 INFO    MainThread:24797 [redirect.py:install():213] install start
2021-03-25 02:49:26,852 INFO    MainThread:24797 [redirect.py:install():228] install stop
2021-03-25 02:49:26,852 INFO    MainThread:24797 [redirect.py:install():213] install start
2021-03-25 02:49:26,853 INFO    MainThread:24797 [redirect.py:install():228] install stop
2021-03-25 02:49:26,853 INFO    MainThread:24797 [wandb_run.py:_redirect():1310] Redirects installed.
2021-03-25 02:49:28,137 INFO    MainThread:24797 [wandb_watch.py:watch():39] Watching
2021-03-25 02:50:57,837 INFO    MainThread:24797 [wandb_run.py:_atexit_cleanup():1366] got exitcode: 255
2021-03-25 02:50:57,837 INFO    MainThread:24797 [wandb_run.py:_restore():1338] restore
2021-03-25 02:50:57,838 INFO    MainThread:24797 [redirect.py:uninstall():232] uninstall start
2021-03-25 02:50:57,838 INFO    MainThread:24797 [redirect.py:_stop():287] _stop: stdout
2021-03-25 02:50:57,839 INFO    stdout    :24797 [redirect.py:_pipe_relay():129] relay done saw last write: stdout
2021-03-25 02:50:57,839 INFO    stdout    :24797 [redirect.py:_pipe_relay():145] relay done done: stdout
2021-03-25 02:50:57,839 INFO    MainThread:24797 [redirect.py:_stop():293] _stop closed: stdout
2021-03-25 02:50:57,840 INFO    MainThread:24797 [redirect.py:_stop():299] _stop joined: stdout
2021-03-25 02:50:57,840 INFO    MainThread:24797 [redirect.py:_stop():301] _stop rd closed: stdout
2021-03-25 02:50:57,840 INFO    MainThread:24797 [redirect.py:uninstall():236] uninstall done
2021-03-25 02:50:57,840 INFO    MainThread:24797 [redirect.py:uninstall():232] uninstall start
2021-03-25 02:50:57,840 INFO    MainThread:24797 [redirect.py:_stop():287] _stop: stderr
2021-03-25 02:50:57,840 INFO    MainThread:24797 [redirect.py:_stop():293] _stop closed: stderr
2021-03-25 02:50:57,840 INFO    stderr    :24797 [redirect.py:_pipe_relay():129] relay done saw last write: stderr
2021-03-25 02:50:57,841 INFO    stderr    :24797 [redirect.py:_pipe_relay():145] relay done done: stderr
2021-03-25 02:50:57,841 INFO    MainThread:24797 [redirect.py:_stop():299] _stop joined: stderr
2021-03-25 02:50:57,841 INFO    MainThread:24797 [redirect.py:_stop():301] _stop rd closed: stderr
2021-03-25 02:50:57,841 INFO    MainThread:24797 [redirect.py:uninstall():236] uninstall done
2021-03-25 02:50:58,525 INFO    MainThread:24797 [wandb_run.py:_wait_for_finish():1489] got exit ret: file_counts {
  wandb_count: 1
}
pusher_stats {
  uploaded_bytes: 566
  total_bytes: 566
}

