2021-03-25 02:49:20,972 INFO    MainThread:24895 [internal.py:wandb_internal():64] W&B internal server running at pid: 24895
2021-03-25 02:49:20,976 DEBUG   HandlerThread:24895 [handler.py:handle_request():55] handle_request: check_version
2021-03-25 02:49:20,977 INFO    WriterThread:24895 [datastore.py:open_for_write():77] open: /home/gyq/share/gyq/program/SRFBN_CVPR19_fix_2/wandb/run-20210325_024919-3oi2csai/run-3oi2csai.wandb
2021-03-25 02:49:20,982 DEBUG   SenderThread:24895 [sender.py:send():117] send: header
2021-03-25 02:49:20,982 DEBUG   SenderThread:24895 [sender.py:send():117] send: request
2021-03-25 02:49:20,982 DEBUG   SenderThread:24895 [sender.py:send_request():126] send_request: check_version
2021-03-25 02:49:20,993 DEBUG   Thread-9  :24895 [connectionpool.py:_new_conn():975] Starting new HTTPS connection (1): pypi.org:443
2021-03-25 02:49:25,986 DEBUG   SenderThread:24895 [sender.py:send():117] send: run
2021-03-25 02:49:25,998 DEBUG   SenderThread:24895 [git.py:repo():33] git repository is invalid
2021-03-25 02:49:26,014 DEBUG   SenderThread:24895 [connectionpool.py:_new_conn():975] Starting new HTTPS connection (1): api.wandb.ai:443
2021-03-25 02:49:26,625 DEBUG   SenderThread:24895 [connectionpool.py:_make_request():461] https://api.wandb.ai:443 "POST /graphql HTTP/1.1" 200 None
2021-03-25 02:49:26,637 INFO    SenderThread:24895 [dir_watcher.py:__init__():165] watching files in: /home/gyq/share/gyq/program/SRFBN_CVPR19_fix_2/wandb/run-20210325_024919-3oi2csai/files
2021-03-25 02:49:26,638 INFO    SenderThread:24895 [sender.py:_start_run_threads():596] run started: 3oi2csai with start time 1616640559
2021-03-25 02:49:26,638 DEBUG   SenderThread:24895 [sender.py:send():117] send: summary
2021-03-25 02:49:26,639 INFO    SenderThread:24895 [sender.py:_save_file():682] saving file wandb-summary.json with policy end
2021-03-25 02:49:26,644 DEBUG   HandlerThread:24895 [handler.py:handle_request():55] handle_request: run_start
2021-03-25 02:49:26,651 DEBUG   HandlerThread:24895 [meta.py:__init__():34] meta init
2021-03-25 02:49:26,652 DEBUG   HandlerThread:24895 [meta.py:__init__():48] meta init done
2021-03-25 02:49:26,652 DEBUG   HandlerThread:24895 [meta.py:probe():190] probe
2021-03-25 02:49:26,659 DEBUG   HandlerThread:24895 [git.py:repo():33] git repository is invalid
2021-03-25 02:49:26,659 DEBUG   HandlerThread:24895 [meta.py:_save_pip():52] save pip
2021-03-25 02:49:26,661 DEBUG   HandlerThread:24895 [meta.py:_save_pip():66] save pip done
2021-03-25 02:49:26,661 DEBUG   HandlerThread:24895 [meta.py:probe():231] probe done
2021-03-25 02:49:26,838 DEBUG   SenderThread:24895 [sender.py:send():117] send: files
2021-03-25 02:49:26,839 INFO    SenderThread:24895 [sender.py:_save_file():682] saving file wandb-metadata.json with policy now
2021-03-25 02:49:26,855 DEBUG   HandlerThread:24895 [handler.py:handle_request():55] handle_request: status
2021-03-25 02:49:26,856 DEBUG   Thread-16 :24895 [connectionpool.py:_new_conn():975] Starting new HTTPS connection (1): api.wandb.ai:443
2021-03-25 02:49:26,857 DEBUG   SenderThread:24895 [sender.py:send():117] send: request
2021-03-25 02:49:26,857 DEBUG   SenderThread:24895 [sender.py:send_request():126] send_request: status
2021-03-25 02:49:26,868 DEBUG   SenderThread:24895 [connectionpool.py:_new_conn():975] Starting new HTTPS connection (1): api.wandb.ai:443
2021-03-25 02:49:27,462 DEBUG   SenderThread:24895 [connectionpool.py:_make_request():461] https://api.wandb.ai:443 "POST /graphql HTTP/1.1" 200 None
2021-03-25 02:49:27,652 INFO    Thread-13 :24895 [dir_watcher.py:_on_file_created():213] file/dir created: /home/gyq/share/gyq/program/SRFBN_CVPR19_fix_2/wandb/run-20210325_024919-3oi2csai/files/requirements.txt
2021-03-25 02:49:27,653 INFO    Thread-13 :24895 [dir_watcher.py:_on_file_created():213] file/dir created: /home/gyq/share/gyq/program/SRFBN_CVPR19_fix_2/wandb/run-20210325_024919-3oi2csai/files/wandb-summary.json
2021-03-25 02:49:27,653 INFO    Thread-13 :24895 [dir_watcher.py:_on_file_created():213] file/dir created: /home/gyq/share/gyq/program/SRFBN_CVPR19_fix_2/wandb/run-20210325_024919-3oi2csai/files/output.log
2021-03-25 02:49:27,653 INFO    Thread-13 :24895 [dir_watcher.py:_on_file_created():213] file/dir created: /home/gyq/share/gyq/program/SRFBN_CVPR19_fix_2/wandb/run-20210325_024919-3oi2csai/files/wandb-metadata.json
2021-03-25 02:49:29,271 DEBUG   Thread-10 :24895 [connectionpool.py:_new_conn():975] Starting new HTTPS connection (1): api.wandb.ai:443
2021-03-25 02:49:29,641 INFO    Thread-13 :24895 [dir_watcher.py:_on_file_modified():226] file/dir modified: /home/gyq/share/gyq/program/SRFBN_CVPR19_fix_2/wandb/run-20210325_024919-3oi2csai/files/output.log
2021-03-25 02:49:29,888 DEBUG   Thread-10 :24895 [connectionpool.py:_make_request():461] https://api.wandb.ai:443 "POST /files/gaoyuqi/SRFBN/3oi2csai/file_stream HTTP/1.1" 200 None
2021-03-25 02:49:30,205 DEBUG   SenderThread:24895 [sender.py:send():117] send: stats
2021-03-25 02:49:32,512 DEBUG   Thread-16 :24895 [connectionpool.py:_make_request():461] https://api.wandb.ai:443 "POST /graphql HTTP/1.1" 200 None
2021-03-25 02:49:32,527 DEBUG   Thread-16 :24895 [connectionpool.py:_new_conn():975] Starting new HTTPS connection (1): storage.googleapis.com:443
2021-03-25 02:49:32,642 DEBUG   Thread-10 :24895 [connectionpool.py:_make_request():461] https://api.wandb.ai:443 "POST /files/gaoyuqi/SRFBN/3oi2csai/file_stream HTTP/1.1" 200 None
2021-03-25 02:49:33,008 DEBUG   Thread-16 :24895 [connectionpool.py:_make_request():461] https://storage.googleapis.com:443 "PUT /wandb-production.appspot.com/gaoyuqi/SRFBN/3oi2csai/wandb-metadata.json?Expires=1616727013&GoogleAccessId=wandb-production%40appspot.gserviceaccount.com&Signature=IL9s6cmhT4Q25LggVnorVFDAOYZtGUULAn%2BVD8rI4aKAITUw96SpTRxjbtUsMcR9IH2%2BHW9UNMdExCN1%2B87PCYajLruP6FF%2BIKZSLv%2Fx7NG50XifK2jWVSmQuKSsTb2l3GGkEeg5ury7X%2B5DmOimjeFpNVohCJnwwq3imKYVkof6Cn99hC4rO4tsA4jSnpRsutn6w5zkVwap3ri7SA82JBqMhQ%2ByWv3nVjl8m57uNjGZIDMKsdAwKAAkyEN14TpBveixTL%2FwkUagyZggFOezYH6V2MpzLF9MJwMbQffkgH1R6CDQavINagjlNf0aP4551HAfUeepUqhy2AOxVUuCeA%3D%3D HTTP/1.1" 200 0
2021-03-25 02:49:33,012 INFO    Thread-16 :24895 [upload_job.py:push():133] Uploaded file /tmp/tmpcibdq1hiwandb/mp89xzdg-wandb-metadata.json
2021-03-25 02:49:33,252 DEBUG   Thread-9  :24895 [connectionpool.py:_make_request():461] https://pypi.org:443 "GET /pypi/wandb/json HTTP/1.1" 200 55358
2021-03-25 02:49:34,892 DEBUG   SenderThread:24895 [sender.py:send():117] send: stats
2021-03-25 02:49:35,178 DEBUG   Thread-10 :24895 [connectionpool.py:_make_request():461] https://api.wandb.ai:443 "POST /files/gaoyuqi/SRFBN/3oi2csai/file_stream HTTP/1.1" 200 None
2021-03-25 02:49:39,496 DEBUG   SenderThread:24895 [sender.py:send():117] send: stats
2021-03-25 02:49:39,770 DEBUG   Thread-10 :24895 [connectionpool.py:_make_request():461] https://api.wandb.ai:443 "POST /files/gaoyuqi/SRFBN/3oi2csai/file_stream HTTP/1.1" 200 None
2021-03-25 02:49:42,471 DEBUG   HandlerThread:24895 [handler.py:handle_request():55] handle_request: status
2021-03-25 02:49:42,472 DEBUG   SenderThread:24895 [sender.py:send():117] send: request
2021-03-25 02:49:42,472 DEBUG   SenderThread:24895 [sender.py:send_request():126] send_request: status
2021-03-25 02:49:42,487 DEBUG   SenderThread:24895 [connectionpool.py:_new_conn():975] Starting new HTTPS connection (1): api.wandb.ai:443
2021-03-25 02:49:43,077 DEBUG   SenderThread:24895 [connectionpool.py:_make_request():461] https://api.wandb.ai:443 "POST /graphql HTTP/1.1" 200 None
2021-03-25 02:49:44,032 DEBUG   SenderThread:24895 [sender.py:send():117] send: stats
2021-03-25 02:49:44,306 DEBUG   Thread-10 :24895 [connectionpool.py:_make_request():461] https://api.wandb.ai:443 "POST /files/gaoyuqi/SRFBN/3oi2csai/file_stream HTTP/1.1" 200 None
2021-03-25 02:49:48,575 DEBUG   SenderThread:24895 [sender.py:send():117] send: stats
2021-03-25 02:49:48,853 DEBUG   Thread-10 :24895 [connectionpool.py:_make_request():461] https://api.wandb.ai:443 "POST /files/gaoyuqi/SRFBN/3oi2csai/file_stream HTTP/1.1" 200 None
2021-03-25 02:49:49,661 INFO    Thread-13 :24895 [dir_watcher.py:_on_file_modified():226] file/dir modified: /home/gyq/share/gyq/program/SRFBN_CVPR19_fix_2/wandb/run-20210325_024919-3oi2csai/files/output.log
2021-03-25 02:49:51,666 DEBUG   Thread-10 :24895 [connectionpool.py:_make_request():461] https://api.wandb.ai:443 "POST /files/gaoyuqi/SRFBN/3oi2csai/file_stream HTTP/1.1" 200 None
2021-03-25 02:49:53,125 DEBUG   SenderThread:24895 [sender.py:send():117] send: stats
2021-03-25 02:49:55,397 DEBUG   Thread-10 :24895 [connectionpool.py:_make_request():461] https://api.wandb.ai:443 "POST /files/gaoyuqi/SRFBN/3oi2csai/file_stream HTTP/1.1" 200 None
2021-03-25 02:49:57,665 DEBUG   SenderThread:24895 [sender.py:send():117] send: stats
2021-03-25 02:49:57,941 DEBUG   Thread-10 :24895 [connectionpool.py:_make_request():461] https://api.wandb.ai:443 "POST /files/gaoyuqi/SRFBN/3oi2csai/file_stream HTTP/1.1" 200 None
2021-03-25 02:49:58,084 DEBUG   HandlerThread:24895 [handler.py:handle_request():55] handle_request: status
2021-03-25 02:49:58,085 DEBUG   SenderThread:24895 [sender.py:send():117] send: request
2021-03-25 02:49:58,085 DEBUG   SenderThread:24895 [sender.py:send_request():126] send_request: status
2021-03-25 02:49:58,100 DEBUG   SenderThread:24895 [connectionpool.py:_new_conn():975] Starting new HTTPS connection (1): api.wandb.ai:443
2021-03-25 02:49:58,704 DEBUG   SenderThread:24895 [connectionpool.py:_make_request():461] https://api.wandb.ai:443 "POST /graphql HTTP/1.1" 200 None
2021-03-25 02:50:02,212 DEBUG   SenderThread:24895 [sender.py:send():117] send: stats
2021-03-25 02:50:02,487 DEBUG   Thread-10 :24895 [connectionpool.py:_make_request():461] https://api.wandb.ai:443 "POST /files/gaoyuqi/SRFBN/3oi2csai/file_stream HTTP/1.1" 200 None
2021-03-25 02:50:06,746 DEBUG   SenderThread:24895 [sender.py:send():117] send: stats
2021-03-25 02:50:07,016 DEBUG   Thread-10 :24895 [connectionpool.py:_make_request():461] https://api.wandb.ai:443 "POST /files/gaoyuqi/SRFBN/3oi2csai/file_stream HTTP/1.1" 200 None
2021-03-25 02:50:11,289 DEBUG   SenderThread:24895 [sender.py:send():117] send: stats
2021-03-25 02:50:11,562 DEBUG   Thread-10 :24895 [connectionpool.py:_make_request():461] https://api.wandb.ai:443 "POST /files/gaoyuqi/SRFBN/3oi2csai/file_stream HTTP/1.1" 200 None
2021-03-25 02:50:13,712 DEBUG   HandlerThread:24895 [handler.py:handle_request():55] handle_request: status
2021-03-25 02:50:13,713 DEBUG   SenderThread:24895 [sender.py:send():117] send: request
2021-03-25 02:50:13,713 DEBUG   SenderThread:24895 [sender.py:send_request():126] send_request: status
2021-03-25 02:50:13,726 DEBUG   SenderThread:24895 [connectionpool.py:_new_conn():975] Starting new HTTPS connection (1): api.wandb.ai:443
2021-03-25 02:50:14,313 DEBUG   SenderThread:24895 [connectionpool.py:_make_request():461] https://api.wandb.ai:443 "POST /graphql HTTP/1.1" 200 None
2021-03-25 02:50:15,832 DEBUG   SenderThread:24895 [sender.py:send():117] send: stats
2021-03-25 02:50:16,105 DEBUG   Thread-10 :24895 [connectionpool.py:_make_request():461] https://api.wandb.ai:443 "POST /files/gaoyuqi/SRFBN/3oi2csai/file_stream HTTP/1.1" 200 None
2021-03-25 02:50:20,381 DEBUG   SenderThread:24895 [sender.py:send():117] send: stats
2021-03-25 02:50:24,934 DEBUG   SenderThread:24895 [sender.py:send():117] send: stats
2021-03-25 02:50:29,322 DEBUG   HandlerThread:24895 [handler.py:handle_request():55] handle_request: status
2021-03-25 02:50:29,323 DEBUG   SenderThread:24895 [sender.py:send():117] send: request
2021-03-25 02:50:29,323 DEBUG   SenderThread:24895 [sender.py:send_request():126] send_request: status
2021-03-25 02:50:29,336 DEBUG   SenderThread:24895 [connectionpool.py:_new_conn():975] Starting new HTTPS connection (1): api.wandb.ai:443
2021-03-25 02:50:34,925 DEBUG   SenderThread:24895 [connectionpool.py:_make_request():461] https://api.wandb.ai:443 "POST /graphql HTTP/1.1" 200 None
2021-03-25 02:50:34,930 DEBUG   SenderThread:24895 [sender.py:send():117] send: stats
2021-03-25 02:50:34,932 DEBUG   SenderThread:24895 [sender.py:send():117] send: stats
2021-03-25 02:50:35,205 DEBUG   Thread-10 :24895 [connectionpool.py:_make_request():461] https://api.wandb.ai:443 "POST /files/gaoyuqi/SRFBN/3oi2csai/file_stream HTTP/1.1" 200 None
2021-03-25 02:50:38,597 DEBUG   SenderThread:24895 [sender.py:send():117] send: stats
2021-03-25 02:50:43,152 DEBUG   SenderThread:24895 [sender.py:send():117] send: stats
2021-03-25 02:50:47,709 DEBUG   SenderThread:24895 [sender.py:send():117] send: stats
2021-03-25 02:50:47,972 DEBUG   Thread-10 :24895 [connectionpool.py:_make_request():461] https://api.wandb.ai:443 "POST /files/gaoyuqi/SRFBN/3oi2csai/file_stream HTTP/1.1" 200 None
2021-03-25 02:50:49,941 DEBUG   HandlerThread:24895 [handler.py:handle_request():55] handle_request: status
2021-03-25 02:50:49,942 DEBUG   SenderThread:24895 [sender.py:send():117] send: request
2021-03-25 02:50:49,942 DEBUG   SenderThread:24895 [sender.py:send_request():126] send_request: status
2021-03-25 02:50:49,957 DEBUG   SenderThread:24895 [connectionpool.py:_new_conn():975] Starting new HTTPS connection (1): api.wandb.ai:443
2021-03-25 02:50:50,534 DEBUG   SenderThread:24895 [connectionpool.py:_make_request():461] https://api.wandb.ai:443 "POST /graphql HTTP/1.1" 200 None
2021-03-25 02:50:52,281 DEBUG   SenderThread:24895 [sender.py:send():117] send: stats
2021-03-25 02:50:56,821 DEBUG   SenderThread:24895 [sender.py:send():117] send: stats
2021-03-25 02:50:57,493 WARNING MainThread:24895 [internal.py:wandb_internal():118] Internal process interrupt: 1
2021-03-25 02:50:57,849 DEBUG   SenderThread:24895 [sender.py:send():117] send: telemetry
2021-03-25 02:50:57,870 DEBUG   SenderThread:24895 [connectionpool.py:_new_conn():975] Starting new HTTPS connection (1): api.wandb.ai:443
2021-03-25 02:50:57,871 DEBUG   HandlerThread:24895 [handler.py:handle_request():55] handle_request: poll_exit
2021-03-25 02:50:58,148 DEBUG   Thread-10 :24895 [connectionpool.py:_make_request():461] https://api.wandb.ai:443 "POST /files/gaoyuqi/SRFBN/3oi2csai/file_stream HTTP/1.1" 200 None
2021-03-25 02:50:58,511 DEBUG   SenderThread:24895 [connectionpool.py:_make_request():461] https://api.wandb.ai:443 "POST /graphql HTTP/1.1" 200 None
2021-03-25 02:50:58,522 DEBUG   SenderThread:24895 [sender.py:send():117] send: exit
2021-03-25 02:50:58,522 INFO    SenderThread:24895 [sender.py:send_exit():195] handling exit code: 255
2021-03-25 02:50:58,522 INFO    SenderThread:24895 [sender.py:send_exit():203] send defer
2021-03-25 02:50:58,523 DEBUG   SenderThread:24895 [sender.py:send():117] send: request
2021-03-25 02:50:58,523 DEBUG   SenderThread:24895 [sender.py:send_request():126] send_request: poll_exit
2021-03-25 02:50:58,525 DEBUG   HandlerThread:24895 [handler.py:handle_request():55] handle_request: defer
2021-03-25 02:50:58,525 INFO    HandlerThread:24895 [handler.py:handle_request_defer():69] handle defer: 0
2021-03-25 02:50:58,526 DEBUG   SenderThread:24895 [sender.py:send():117] send: request
2021-03-25 02:50:58,526 DEBUG   SenderThread:24895 [sender.py:send_request():126] send_request: defer
2021-03-25 02:50:58,526 INFO    SenderThread:24895 [sender.py:send_request_defer():212] handle sender defer: 0
2021-03-25 02:50:58,526 INFO    SenderThread:24895 [sender.py:send_request_defer():248] send defer: 1
2021-03-25 02:50:58,527 DEBUG   HandlerThread:24895 [handler.py:handle_request():55] handle_request: defer
2021-03-25 02:50:58,527 INFO    HandlerThread:24895 [handler.py:handle_request_defer():69] handle defer: 1
2021-03-25 02:50:58,579 DEBUG   SenderThread:24895 [sender.py:send():117] send: request
2021-03-25 02:50:58,579 DEBUG   SenderThread:24895 [sender.py:send_request():126] send_request: defer
2021-03-25 02:50:58,580 INFO    SenderThread:24895 [sender.py:send_request_defer():212] handle sender defer: 1
2021-03-25 02:50:58,580 INFO    SenderThread:24895 [sender.py:send_request_defer():248] send defer: 2
2021-03-25 02:50:58,582 DEBUG   SenderThread:24895 [sender.py:send():117] send: stats
2021-03-25 02:50:58,584 DEBUG   HandlerThread:24895 [handler.py:handle_request():55] handle_request: defer
2021-03-25 02:50:58,584 INFO    HandlerThread:24895 [handler.py:handle_request_defer():69] handle defer: 2
2021-03-25 02:50:58,585 DEBUG   SenderThread:24895 [sender.py:send():117] send: request
2021-03-25 02:50:58,585 DEBUG   SenderThread:24895 [sender.py:send_request():126] send_request: defer
2021-03-25 02:50:58,585 INFO    SenderThread:24895 [sender.py:send_request_defer():212] handle sender defer: 2
2021-03-25 02:50:58,586 INFO    SenderThread:24895 [sender.py:send_request_defer():248] send defer: 3
2021-03-25 02:50:58,587 DEBUG   HandlerThread:24895 [handler.py:handle_request():55] handle_request: defer
2021-03-25 02:50:58,588 INFO    HandlerThread:24895 [handler.py:handle_request_defer():69] handle defer: 3
2021-03-25 02:50:58,589 DEBUG   SenderThread:24895 [sender.py:send():117] send: summary
2021-03-25 02:50:58,590 INFO    SenderThread:24895 [sender.py:_save_file():682] saving file wandb-summary.json with policy end
2021-03-25 02:50:58,591 DEBUG   SenderThread:24895 [sender.py:send():117] send: request
2021-03-25 02:50:58,591 DEBUG   SenderThread:24895 [sender.py:send_request():126] send_request: defer
2021-03-25 02:50:58,591 INFO    SenderThread:24895 [sender.py:send_request_defer():212] handle sender defer: 3
2021-03-25 02:50:58,592 INFO    SenderThread:24895 [sender.py:send_request_defer():248] send defer: 4
2021-03-25 02:50:58,593 DEBUG   HandlerThread:24895 [handler.py:handle_request():55] handle_request: defer
2021-03-25 02:50:58,593 INFO    HandlerThread:24895 [handler.py:handle_request_defer():69] handle defer: 4
2021-03-25 02:50:58,594 DEBUG   SenderThread:24895 [sender.py:send():117] send: request
2021-03-25 02:50:58,594 DEBUG   SenderThread:24895 [sender.py:send_request():126] send_request: defer
2021-03-25 02:50:58,594 INFO    SenderThread:24895 [sender.py:send_request_defer():212] handle sender defer: 4
2021-03-25 02:50:58,594 INFO    SenderThread:24895 [dir_watcher.py:finish():279] shutting down directory watcher
2021-03-25 02:50:58,685 INFO    SenderThread:24895 [dir_watcher.py:_on_file_modified():226] file/dir modified: /home/gyq/share/gyq/program/SRFBN_CVPR19_fix_2/wandb/run-20210325_024919-3oi2csai/files/wandb-summary.json
2021-03-25 02:50:58,686 INFO    SenderThread:24895 [dir_watcher.py:_on_file_modified():226] file/dir modified: /home/gyq/share/gyq/program/SRFBN_CVPR19_fix_2/wandb/run-20210325_024919-3oi2csai/files/output.log
2021-03-25 02:50:58,687 INFO    SenderThread:24895 [dir_watcher.py:_on_file_modified():226] file/dir modified: /home/gyq/share/gyq/program/SRFBN_CVPR19_fix_2/wandb/run-20210325_024919-3oi2csai/files/config.yaml
2021-03-25 02:50:58,688 INFO    SenderThread:24895 [dir_watcher.py:finish():309] scan: /home/gyq/share/gyq/program/SRFBN_CVPR19_fix_2/wandb/run-20210325_024919-3oi2csai/files
2021-03-25 02:50:58,689 INFO    SenderThread:24895 [dir_watcher.py:finish():315] scan save: /home/gyq/share/gyq/program/SRFBN_CVPR19_fix_2/wandb/run-20210325_024919-3oi2csai/files/config.yaml config.yaml
2021-03-25 02:50:58,689 INFO    SenderThread:24895 [dir_watcher.py:finish():315] scan save: /home/gyq/share/gyq/program/SRFBN_CVPR19_fix_2/wandb/run-20210325_024919-3oi2csai/files/wandb-metadata.json wandb-metadata.json
2021-03-25 02:50:58,690 INFO    SenderThread:24895 [dir_watcher.py:finish():315] scan save: /home/gyq/share/gyq/program/SRFBN_CVPR19_fix_2/wandb/run-20210325_024919-3oi2csai/files/requirements.txt requirements.txt
2021-03-25 02:50:58,702 INFO    SenderThread:24895 [dir_watcher.py:finish():315] scan save: /home/gyq/share/gyq/program/SRFBN_CVPR19_fix_2/wandb/run-20210325_024919-3oi2csai/files/output.log output.log
2021-03-25 02:50:58,715 DEBUG   Thread-22 :24895 [connectionpool.py:_new_conn():975] Starting new HTTPS connection (1): api.wandb.ai:443
2021-03-25 02:50:58,721 INFO    SenderThread:24895 [dir_watcher.py:finish():315] scan save: /home/gyq/share/gyq/program/SRFBN_CVPR19_fix_2/wandb/run-20210325_024919-3oi2csai/files/wandb-summary.json wandb-summary.json
2021-03-25 02:50:58,722 DEBUG   Thread-23 :24895 [connectionpool.py:_new_conn():975] Starting new HTTPS connection (1): api.wandb.ai:443
2021-03-25 02:50:58,722 INFO    SenderThread:24895 [sender.py:send_request_defer():248] send defer: 5
2021-03-25 02:50:58,725 DEBUG   HandlerThread:24895 [handler.py:handle_request():55] handle_request: defer
2021-03-25 02:50:58,734 INFO    HandlerThread:24895 [handler.py:handle_request_defer():69] handle defer: 5
2021-03-25 02:50:58,735 DEBUG   Thread-24 :24895 [connectionpool.py:_new_conn():975] Starting new HTTPS connection (1): api.wandb.ai:443
2021-03-25 02:50:58,736 DEBUG   SenderThread:24895 [sender.py:send():117] send: request
2021-03-25 02:50:58,736 DEBUG   SenderThread:24895 [sender.py:send_request():126] send_request: defer
2021-03-25 02:50:58,742 INFO    SenderThread:24895 [sender.py:send_request_defer():212] handle sender defer: 5
2021-03-25 02:50:58,742 INFO    SenderThread:24895 [file_pusher.py:finish():174] shutting down file pusher
2021-03-25 02:50:58,754 INFO    SenderThread:24895 [sender.py:send_request_defer():248] send defer: 6
2021-03-25 02:50:58,755 DEBUG   Thread-25 :24895 [connectionpool.py:_new_conn():975] Starting new HTTPS connection (1): api.wandb.ai:443
2021-03-25 02:50:58,756 DEBUG   HandlerThread:24895 [handler.py:handle_request():55] handle_request: defer
2021-03-25 02:50:58,756 INFO    HandlerThread:24895 [handler.py:handle_request_defer():69] handle defer: 6
2021-03-25 02:50:58,757 DEBUG   SenderThread:24895 [sender.py:send():117] send: request
2021-03-25 02:50:58,757 DEBUG   SenderThread:24895 [sender.py:send_request():126] send_request: defer
2021-03-25 02:50:58,758 INFO    SenderThread:24895 [sender.py:send_request_defer():212] handle sender defer: 6
2021-03-25 02:50:59,068 DEBUG   Thread-10 :24895 [connectionpool.py:_make_request():461] https://api.wandb.ai:443 "POST /files/gaoyuqi/SRFBN/3oi2csai/file_stream HTTP/1.1" 200 None
2021-03-25 02:50:59,358 DEBUG   Thread-23 :24895 [connectionpool.py:_make_request():461] https://api.wandb.ai:443 "POST /graphql HTTP/1.1" 200 None
2021-03-25 02:50:59,359 DEBUG   Thread-10 :24895 [connectionpool.py:_make_request():461] https://api.wandb.ai:443 "POST /files/gaoyuqi/SRFBN/3oi2csai/file_stream HTTP/1.1" 200 None
2021-03-25 02:50:59,362 DEBUG   Thread-24 :24895 [connectionpool.py:_make_request():461] https://api.wandb.ai:443 "POST /graphql HTTP/1.1" 200 None
2021-03-25 02:50:59,377 DEBUG   Thread-23 :24895 [connectionpool.py:_new_conn():975] Starting new HTTPS connection (1): storage.googleapis.com:443
2021-03-25 02:50:59,379 DEBUG   Thread-22 :24895 [connectionpool.py:_make_request():461] https://api.wandb.ai:443 "POST /graphql HTTP/1.1" 200 None
2021-03-25 02:50:59,385 DEBUG   Thread-25 :24895 [connectionpool.py:_make_request():461] https://api.wandb.ai:443 "POST /graphql HTTP/1.1" 200 None
2021-03-25 02:50:59,393 INFO    SenderThread:24895 [sender.py:send_request_defer():248] send defer: 7
2021-03-25 02:50:59,395 DEBUG   HandlerThread:24895 [handler.py:handle_request():55] handle_request: defer
2021-03-25 02:50:59,401 INFO    HandlerThread:24895 [handler.py:handle_request_defer():69] handle defer: 7
2021-03-25 02:50:59,403 DEBUG   SenderThread:24895 [sender.py:send():117] send: request
2021-03-25 02:50:59,403 DEBUG   SenderThread:24895 [sender.py:send_request():126] send_request: defer
2021-03-25 02:50:59,403 INFO    SenderThread:24895 [sender.py:send_request_defer():212] handle sender defer: 7
2021-03-25 02:50:59,404 INFO    SenderThread:24895 [sender.py:send_request_defer():248] send defer: 8
2021-03-25 02:50:59,418 DEBUG   Thread-24 :24895 [connectionpool.py:_new_conn():975] Starting new HTTPS connection (1): storage.googleapis.com:443
2021-03-25 02:50:59,421 DEBUG   Thread-25 :24895 [connectionpool.py:_new_conn():975] Starting new HTTPS connection (1): storage.googleapis.com:443
2021-03-25 02:50:59,422 DEBUG   SenderThread:24895 [sender.py:send():117] send: final
2021-03-25 02:50:59,428 DEBUG   HandlerThread:24895 [handler.py:handle_request():55] handle_request: defer
2021-03-25 02:50:59,436 DEBUG   Thread-22 :24895 [connectionpool.py:_new_conn():975] Starting new HTTPS connection (1): storage.googleapis.com:443
2021-03-25 02:50:59,436 DEBUG   SenderThread:24895 [sender.py:send():117] send: footer
2021-03-25 02:50:59,437 INFO    HandlerThread:24895 [handler.py:handle_request_defer():69] handle defer: 8
2021-03-25 02:50:59,438 DEBUG   SenderThread:24895 [sender.py:send():117] send: request
2021-03-25 02:50:59,438 DEBUG   SenderThread:24895 [sender.py:send_request():126] send_request: defer
2021-03-25 02:50:59,438 INFO    SenderThread:24895 [sender.py:send_request_defer():212] handle sender defer: 8
2021-03-25 02:50:59,857 DEBUG   Thread-23 :24895 [connectionpool.py:_make_request():461] https://storage.googleapis.com:443 "PUT /wandb-production.appspot.com/gaoyuqi/SRFBN/3oi2csai/requirements.txt?Expires=1616727100&GoogleAccessId=wandb-production%40appspot.gserviceaccount.com&Signature=HVBSnJLULAksN%2F2XwLDsu7kKGQ1868WmV4b640qy37R0SIEDmVvmPRPs3ucvbKE15N1JPoGOGCPuNTgfkzWJJvjbE7Cud2ecY6n0ldZT%2FaJ8D2QaCW2UzBvDniXJPdHoQEhscFSouZjaLoTp9yEfa8JSaHe3Ye5n3rwlLZjxX%2F%2BOJjjhx%2BQBnrlvLhcbGD7xFNJbskQ6tzVWTBkMYwn0ap1QbboGLJr0%2Fbl73GE1k2nYNAyb%2FZKL5Z4%2B8F79XnFh%2Bb%2B1HskNzTZDnKd2FG72mX9zUnvKmcNx2CXeLGmM6S3Bps9hLgkgEe20GUdCz4%2BPLREbRjphk3PNJMxqmK3Rvg%3D%3D HTTP/1.1" 200 0
2021-03-25 02:50:59,862 INFO    Thread-23 :24895 [upload_job.py:push():133] Uploaded file /home/gyq/share/gyq/program/SRFBN_CVPR19_fix_2/wandb/run-20210325_024919-3oi2csai/files/requirements.txt
2021-03-25 02:50:59,897 DEBUG   Thread-25 :24895 [connectionpool.py:_make_request():461] https://storage.googleapis.com:443 "PUT /wandb-production.appspot.com/gaoyuqi/SRFBN/3oi2csai/wandb-summary.json?Expires=1616727100&GoogleAccessId=wandb-production%40appspot.gserviceaccount.com&Signature=yW8HGNdoRG62RNrjozXX%2BZwST2MhZ5yUKVGYj9lU7VrWVWENYWXdJS%2BdaKubEo3xTB1LK2jzex3EO1TS%2F4ahQea9UGnIlf9Eh9o3xHo%2Flt8U1VJnSeyru5hT5CcL9hN51aXFfPxqn4HwxUyVhzQ8tWCnlSupXMme9m2ZvziY2%2F8PSCJLYEr2l2kxAl6AXGsRr3uIgVRhBq9N8PavWprVzoPHaKibo0JJzzE44yM%2FYQDveVHmnxXeGCr0WFcNioOT%2BD5ZPvGQ6hCH2k%2FgERmB%2BGlhXfd4kAFNtfpyimyB%2B0Lnb1gxqzPzNiqLmIJKq%2BCh78eKpz1xxpclPLqjmoYSVA%3D%3D HTTP/1.1" 200 0
2021-03-25 02:50:59,901 INFO    Thread-25 :24895 [upload_job.py:push():133] Uploaded file /home/gyq/share/gyq/program/SRFBN_CVPR19_fix_2/wandb/run-20210325_024919-3oi2csai/files/wandb-summary.json
2021-03-25 02:50:59,911 DEBUG   Thread-22 :24895 [connectionpool.py:_make_request():461] https://storage.googleapis.com:443 "PUT /wandb-production.appspot.com/gaoyuqi/SRFBN/3oi2csai/config.yaml?Expires=1616727100&GoogleAccessId=wandb-production%40appspot.gserviceaccount.com&Signature=OtomqYx8PjI7oj4uPF3pbaZw5g22E9Noi7XKPUEq6HO%2By3CB44PMj3xFxCrSGDVDknvzx4UtBdhAk4UFx9gPQKtqJeG7sHFOk%2BVkh8pG0eTscrFurkI3nPvMxU5P%2FkPrPu7LWLbxczLIB0nnwecFk6ZGpALkFjqmgFTyN9CZ%2FSLe8Bc4ZzJPiBtvwls5tPMz2kecpoak1pWSO%2B5rlzbm5oNSijTqH0WEME8tF61tf2ql%2FBtg7zh%2FoqmWtGvOXWh9Wo2ZU72Hg8iycHxTs9u7ik0nfW5lQTEoAFtQbQStQxAfnwUCbPf2%2BgwDb0lrtvMGRXTHuD0nARfchPZ0KtkLsg%3D%3D HTTP/1.1" 200 0
2021-03-25 02:50:59,913 INFO    Thread-22 :24895 [upload_job.py:push():133] Uploaded file /home/gyq/share/gyq/program/SRFBN_CVPR19_fix_2/wandb/run-20210325_024919-3oi2csai/files/config.yaml
2021-03-25 02:50:59,991 DEBUG   Thread-24 :24895 [connectionpool.py:_make_request():461] https://storage.googleapis.com:443 "PUT /wandb-production.appspot.com/gaoyuqi/SRFBN/3oi2csai/output.log?Expires=1616727100&GoogleAccessId=wandb-production%40appspot.gserviceaccount.com&Signature=ssxBj0G%2BrcUrY7SM8I4lcNm0gypVVjBgY3S8luSLkLb8IpVG44LNNPzTz1syMCgvncHcEfIcm7TevVP0cRZqQ3bIMZTDlzn4DdwLQJDyMt7XJxEfgClGpu0cdy2WbIEFaNN37z2f5nSSWF2vlpbGaoj2ARzxHb59YcblXjVLVYVzSwfY8VRhBBv3jSEYHwQJHToi61EmTkC%2BSGNIAMdWzvFhQ1ed3oX9AXybyfKkpyrJ%2Fqz3UYLLAkRg2hAEO%2F89Ev1MNYpyET8bkdL2EM7f1LuQfJdBX%2FSO0L%2FDBKXlSRX0BbeVVtIWyqXuUsFzGfAPplADtHEhDWam3HhXNoTNpQ%3D%3D HTTP/1.1" 200 0
2021-03-25 02:50:59,996 INFO    Thread-24 :24895 [upload_job.py:push():133] Uploaded file /home/gyq/share/gyq/program/SRFBN_CVPR19_fix_2/wandb/run-20210325_024919-3oi2csai/files/output.log
